2020-09-20 20:37:14.190822
pretraining finished in 627 epochs
training finished in  17
TRAINING COMPLETE for  1  hid : seed  0
training finished in  9
TRAINING COMPLETE for  1  hid : seed  1
training finished in  9
TRAINING COMPLETE for  1  hid : seed  2
training finished in  9
TRAINING COMPLETE for  1  hid : seed  3
training finished in  9
TRAINING COMPLETE for  1  hid : seed  4
training finished in  18
TRAINING COMPLETE for  2  hid : seed  0
training finished in  10
TRAINING COMPLETE for  2  hid : seed  1
training finished in  11
TRAINING COMPLETE for  2  hid : seed  2
training finished in  9
TRAINING COMPLETE for  2  hid : seed  3
training finished in  11
TRAINING COMPLETE for  2  hid : seed  4
training finished in  14
TRAINING COMPLETE for  5  hid : seed  0
training finished in  12
TRAINING COMPLETE for  5  hid : seed  1
training finished in  12
TRAINING COMPLETE for  5  hid : seed  2
training finished in  32
TRAINING COMPLETE for  5  hid : seed  3
training finished in  11
TRAINING COMPLETE for  5  hid : seed  4
training finished in  176
TRAINING COMPLETE for  10  hid : seed  0
training finished in  12
TRAINING COMPLETE for  10  hid : seed  1
training finished in  24
TRAINING COMPLETE for  10  hid : seed  2
training finished in  14
TRAINING COMPLETE for  10  hid : seed  3
training finished in  19
TRAINING COMPLETE for  10  hid : seed  4
training finished in  160
TRAINING COMPLETE for  15  hid : seed  0
training finished in  148
TRAINING COMPLETE for  15  hid : seed  1
training finished in  13
TRAINING COMPLETE for  15  hid : seed  2
training finished in  27
TRAINING COMPLETE for  15  hid : seed  3
training finished in  132
TRAINING COMPLETE for  15  hid : seed  4
training finished in  174
TRAINING COMPLETE for  20  hid : seed  0
training finished in  164
TRAINING COMPLETE for  20  hid : seed  1
training finished in  115
TRAINING COMPLETE for  20  hid : seed  2
training finished in  28
TRAINING COMPLETE for  20  hid : seed  3
training finished in  125
TRAINING COMPLETE for  20  hid : seed  4
training finished in  145
TRAINING COMPLETE for  25  hid : seed  0
training finished in  120
TRAINING COMPLETE for  25  hid : seed  1
training finished in  118
TRAINING COMPLETE for  25  hid : seed  2
training finished in  20
TRAINING COMPLETE for  25  hid : seed  3
training finished in  165
TRAINING COMPLETE for  25  hid : seed  4
training finished in  120
TRAINING COMPLETE for  30  hid : seed  0
training finished in  128
TRAINING COMPLETE for  30  hid : seed  1
training finished in  174
TRAINING COMPLETE for  30  hid : seed  2
training finished in  19
TRAINING COMPLETE for  30  hid : seed  3
training finished in  154
TRAINING COMPLETE for  30  hid : seed  4
training finished in  120
TRAINING COMPLETE for  35  hid : seed  0
training finished in  150
TRAINING COMPLETE for  35  hid : seed  1
training finished in  142
TRAINING COMPLETE for  35  hid : seed  2
training finished in  21
TRAINING COMPLETE for  35  hid : seed  3
training finished in  112
TRAINING COMPLETE for  35  hid : seed  4
training finished in  110
TRAINING COMPLETE for  40  hid : seed  0
training finished in  136
TRAINING COMPLETE for  40  hid : seed  1
training finished in  150
TRAINING COMPLETE for  40  hid : seed  2
training finished in  109
TRAINING COMPLETE for  40  hid : seed  3
training finished in  124
TRAINING COMPLETE for  40  hid : seed  4
not enough training obs
