2020-09-20 20:45:02.373856
pretraining finished in 1267 epochs
training finished in  9
TRAINING COMPLETE for  1  hid : seed  0
training finished in  9
TRAINING COMPLETE for  1  hid : seed  1
training finished in  68
TRAINING COMPLETE for  1  hid : seed  2
training finished in  10
TRAINING COMPLETE for  1  hid : seed  3
training finished in  9
TRAINING COMPLETE for  1  hid : seed  4
training finished in  9
TRAINING COMPLETE for  2  hid : seed  0
training finished in  11
TRAINING COMPLETE for  2  hid : seed  1
training finished in  11
TRAINING COMPLETE for  2  hid : seed  2
training finished in  10
TRAINING COMPLETE for  2  hid : seed  3
training finished in  13
TRAINING COMPLETE for  2  hid : seed  4
training finished in  9
TRAINING COMPLETE for  5  hid : seed  0
training finished in  13
TRAINING COMPLETE for  5  hid : seed  1
training finished in  73
TRAINING COMPLETE for  5  hid : seed  2
training finished in  9
TRAINING COMPLETE for  5  hid : seed  3
training finished in  9
TRAINING COMPLETE for  5  hid : seed  4
training finished in  10
TRAINING COMPLETE for  10  hid : seed  0
training finished in  24
TRAINING COMPLETE for  10  hid : seed  1
training finished in  85
TRAINING COMPLETE for  10  hid : seed  2
training finished in  9
TRAINING COMPLETE for  10  hid : seed  3
training finished in  14
TRAINING COMPLETE for  10  hid : seed  4
training finished in  11
TRAINING COMPLETE for  15  hid : seed  0
training finished in  26
TRAINING COMPLETE for  15  hid : seed  1
training finished in  86
TRAINING COMPLETE for  15  hid : seed  2
training finished in  11
TRAINING COMPLETE for  15  hid : seed  3
training finished in  17
TRAINING COMPLETE for  15  hid : seed  4
training finished in  13
TRAINING COMPLETE for  20  hid : seed  0
training finished in  78
TRAINING COMPLETE for  20  hid : seed  1
training finished in  107
TRAINING COMPLETE for  20  hid : seed  2
training finished in  15
TRAINING COMPLETE for  20  hid : seed  3
training finished in  24
TRAINING COMPLETE for  20  hid : seed  4
training finished in  14
TRAINING COMPLETE for  25  hid : seed  0
training finished in  77
TRAINING COMPLETE for  25  hid : seed  1
training finished in  67
TRAINING COMPLETE for  25  hid : seed  2
training finished in  15
TRAINING COMPLETE for  25  hid : seed  3
training finished in  14
TRAINING COMPLETE for  25  hid : seed  4
training finished in  19
TRAINING COMPLETE for  30  hid : seed  0
training finished in  71
TRAINING COMPLETE for  30  hid : seed  1
training finished in  53
TRAINING COMPLETE for  30  hid : seed  2
training finished in  18
TRAINING COMPLETE for  30  hid : seed  3
training finished in  54
TRAINING COMPLETE for  30  hid : seed  4
training finished in  65
TRAINING COMPLETE for  35  hid : seed  0
training finished in  76
TRAINING COMPLETE for  35  hid : seed  1
training finished in  81
TRAINING COMPLETE for  35  hid : seed  2
training finished in  60
TRAINING COMPLETE for  35  hid : seed  3
training finished in  50
TRAINING COMPLETE for  35  hid : seed  4
training finished in  57
TRAINING COMPLETE for  40  hid : seed  0
training finished in  53
TRAINING COMPLETE for  40  hid : seed  1
training finished in  63
TRAINING COMPLETE for  40  hid : seed  2
training finished in  63
TRAINING COMPLETE for  40  hid : seed  3
training finished in  55
TRAINING COMPLETE for  40  hid : seed  4
not enough training obs
