2020-09-20 19:16:47.709506
pretraining finished in 1840 epochs
training finished in  18
TRAINING COMPLETE for  1  hid : seed  0
training finished in  10
TRAINING COMPLETE for  1  hid : seed  1
training finished in  24
TRAINING COMPLETE for  1  hid : seed  2
training finished in  23
TRAINING COMPLETE for  1  hid : seed  3
training finished in  14
TRAINING COMPLETE for  1  hid : seed  4
training finished in  80
TRAINING COMPLETE for  2  hid : seed  0
training finished in  10
TRAINING COMPLETE for  2  hid : seed  1
training finished in  14
TRAINING COMPLETE for  2  hid : seed  2
training finished in  32
TRAINING COMPLETE for  2  hid : seed  3
training finished in  10
TRAINING COMPLETE for  2  hid : seed  4
training finished in  57
TRAINING COMPLETE for  5  hid : seed  0
training finished in  9
TRAINING COMPLETE for  5  hid : seed  1
training finished in  13
TRAINING COMPLETE for  5  hid : seed  2
training finished in  97
TRAINING COMPLETE for  5  hid : seed  3
training finished in  10
TRAINING COMPLETE for  5  hid : seed  4
training finished in  20
TRAINING COMPLETE for  10  hid : seed  0
training finished in  37
TRAINING COMPLETE for  10  hid : seed  1
training finished in  19
TRAINING COMPLETE for  10  hid : seed  2
training finished in  109
TRAINING COMPLETE for  10  hid : seed  3
training finished in  17
TRAINING COMPLETE for  10  hid : seed  4
training finished in  19
TRAINING COMPLETE for  15  hid : seed  0
training finished in  40
TRAINING COMPLETE for  15  hid : seed  1
training finished in  18
TRAINING COMPLETE for  15  hid : seed  2
training finished in  45
TRAINING COMPLETE for  15  hid : seed  3
training finished in  30
TRAINING COMPLETE for  15  hid : seed  4
training finished in  26
TRAINING COMPLETE for  20  hid : seed  0
training finished in  41
TRAINING COMPLETE for  20  hid : seed  1
training finished in  28
TRAINING COMPLETE for  20  hid : seed  2
training finished in  34
TRAINING COMPLETE for  20  hid : seed  3
training finished in  39
TRAINING COMPLETE for  20  hid : seed  4
training finished in  53
TRAINING COMPLETE for  25  hid : seed  0
training finished in  60
TRAINING COMPLETE for  25  hid : seed  1
training finished in  25
TRAINING COMPLETE for  25  hid : seed  2
training finished in  44
TRAINING COMPLETE for  25  hid : seed  3
training finished in  33
TRAINING COMPLETE for  25  hid : seed  4
training finished in  63
TRAINING COMPLETE for  30  hid : seed  0
training finished in  67
TRAINING COMPLETE for  30  hid : seed  1
training finished in  36
TRAINING COMPLETE for  30  hid : seed  2
training finished in  56
TRAINING COMPLETE for  30  hid : seed  3
training finished in  44
TRAINING COMPLETE for  30  hid : seed  4
training finished in  59
TRAINING COMPLETE for  35  hid : seed  0
training finished in  90
TRAINING COMPLETE for  35  hid : seed  1
training finished in  33
TRAINING COMPLETE for  35  hid : seed  2
training finished in  78
TRAINING COMPLETE for  35  hid : seed  3
training finished in  53
TRAINING COMPLETE for  35  hid : seed  4
training finished in  63
TRAINING COMPLETE for  40  hid : seed  0
training finished in  107
TRAINING COMPLETE for  40  hid : seed  1
training finished in  51
TRAINING COMPLETE for  40  hid : seed  2
training finished in  73
TRAINING COMPLETE for  40  hid : seed  3
training finished in  150
TRAINING COMPLETE for  40  hid : seed  4
training finished in  111
TRAINING COMPLETE for  45  hid : seed  0
training finished in  100
TRAINING COMPLETE for  45  hid : seed  1
training finished in  92
TRAINING COMPLETE for  45  hid : seed  2
training finished in  58
TRAINING COMPLETE for  45  hid : seed  3
training finished in  67
TRAINING COMPLETE for  45  hid : seed  4
not enough training obs
