2020-09-20 19:32:24.947838
pretraining finished in 2315 epochs
training finished in  9
TRAINING COMPLETE for  1  hid : seed  0
training finished in  11
TRAINING COMPLETE for  1  hid : seed  1
training finished in  13
TRAINING COMPLETE for  1  hid : seed  2
training finished in  11
TRAINING COMPLETE for  1  hid : seed  3
training finished in  65
TRAINING COMPLETE for  1  hid : seed  4
training finished in  9
TRAINING COMPLETE for  2  hid : seed  0
training finished in  19
TRAINING COMPLETE for  2  hid : seed  1
training finished in  22
TRAINING COMPLETE for  2  hid : seed  2
training finished in  9
TRAINING COMPLETE for  2  hid : seed  3
training finished in  52
TRAINING COMPLETE for  2  hid : seed  4
training finished in  20
TRAINING COMPLETE for  5  hid : seed  0
training finished in  13
TRAINING COMPLETE for  5  hid : seed  1
training finished in  15
TRAINING COMPLETE for  5  hid : seed  2
training finished in  19
TRAINING COMPLETE for  5  hid : seed  3
training finished in  57
TRAINING COMPLETE for  5  hid : seed  4
training finished in  25
TRAINING COMPLETE for  10  hid : seed  0
training finished in  76
TRAINING COMPLETE for  10  hid : seed  1
training finished in  27
TRAINING COMPLETE for  10  hid : seed  2
training finished in  25
TRAINING COMPLETE for  10  hid : seed  3
training finished in  53
TRAINING COMPLETE for  10  hid : seed  4
training finished in  31
TRAINING COMPLETE for  15  hid : seed  0
training finished in  120
TRAINING COMPLETE for  15  hid : seed  1
training finished in  47
TRAINING COMPLETE for  15  hid : seed  2
training finished in  30
TRAINING COMPLETE for  15  hid : seed  3
training finished in  49
TRAINING COMPLETE for  15  hid : seed  4
training finished in  85
TRAINING COMPLETE for  20  hid : seed  0
training finished in  79
TRAINING COMPLETE for  20  hid : seed  1
training finished in  49
TRAINING COMPLETE for  20  hid : seed  2
training finished in  26
TRAINING COMPLETE for  20  hid : seed  3
training finished in  52
TRAINING COMPLETE for  20  hid : seed  4
training finished in  81
TRAINING COMPLETE for  25  hid : seed  0
training finished in  73
TRAINING COMPLETE for  25  hid : seed  1
training finished in  45
TRAINING COMPLETE for  25  hid : seed  2
training finished in  28
TRAINING COMPLETE for  25  hid : seed  3
training finished in  49
TRAINING COMPLETE for  25  hid : seed  4
training finished in  76
TRAINING COMPLETE for  30  hid : seed  0
training finished in  78
TRAINING COMPLETE for  30  hid : seed  1
training finished in  62
TRAINING COMPLETE for  30  hid : seed  2
training finished in  70
TRAINING COMPLETE for  30  hid : seed  3
training finished in  66
TRAINING COMPLETE for  30  hid : seed  4
training finished in  87
TRAINING COMPLETE for  35  hid : seed  0
training finished in  93
TRAINING COMPLETE for  35  hid : seed  1
training finished in  96
TRAINING COMPLETE for  35  hid : seed  2
training finished in  103
TRAINING COMPLETE for  35  hid : seed  3
training finished in  109
TRAINING COMPLETE for  35  hid : seed  4
not enough training obs
