2020-09-20 19:50:49.969771
pretraining finished in 690 epochs
training finished in  9
TRAINING COMPLETE for  1  hid : seed  0
training finished in  9
TRAINING COMPLETE for  1  hid : seed  1
training finished in  16
TRAINING COMPLETE for  1  hid : seed  2
training finished in  9
TRAINING COMPLETE for  1  hid : seed  3
training finished in  34
TRAINING COMPLETE for  1  hid : seed  4
training finished in  26
TRAINING COMPLETE for  2  hid : seed  0
training finished in  18
TRAINING COMPLETE for  2  hid : seed  1
training finished in  10
TRAINING COMPLETE for  2  hid : seed  2
training finished in  9
TRAINING COMPLETE for  2  hid : seed  3
training finished in  23
TRAINING COMPLETE for  2  hid : seed  4
training finished in  42
TRAINING COMPLETE for  5  hid : seed  0
training finished in  16
TRAINING COMPLETE for  5  hid : seed  1
training finished in  11
TRAINING COMPLETE for  5  hid : seed  2
training finished in  20
TRAINING COMPLETE for  5  hid : seed  3
training finished in  24
TRAINING COMPLETE for  5  hid : seed  4
training finished in  39
TRAINING COMPLETE for  10  hid : seed  0
training finished in  25
TRAINING COMPLETE for  10  hid : seed  1
training finished in  10
TRAINING COMPLETE for  10  hid : seed  2
training finished in  42
TRAINING COMPLETE for  10  hid : seed  3
training finished in  24
TRAINING COMPLETE for  10  hid : seed  4
training finished in  41
TRAINING COMPLETE for  15  hid : seed  0
training finished in  24
TRAINING COMPLETE for  15  hid : seed  1
training finished in  23
TRAINING COMPLETE for  15  hid : seed  2
training finished in  41
TRAINING COMPLETE for  15  hid : seed  3
training finished in  35
TRAINING COMPLETE for  15  hid : seed  4
training finished in  75
TRAINING COMPLETE for  20  hid : seed  0
training finished in  43
TRAINING COMPLETE for  20  hid : seed  1
training finished in  30
TRAINING COMPLETE for  20  hid : seed  2
training finished in  45
TRAINING COMPLETE for  20  hid : seed  3
training finished in  41
TRAINING COMPLETE for  20  hid : seed  4
training finished in  75
TRAINING COMPLETE for  25  hid : seed  0
training finished in  45
TRAINING COMPLETE for  25  hid : seed  1
training finished in  59
TRAINING COMPLETE for  25  hid : seed  2
training finished in  59
TRAINING COMPLETE for  25  hid : seed  3
training finished in  55
TRAINING COMPLETE for  25  hid : seed  4
training finished in  65
TRAINING COMPLETE for  30  hid : seed  0
training finished in  62
TRAINING COMPLETE for  30  hid : seed  1
training finished in  55
TRAINING COMPLETE for  30  hid : seed  2
training finished in  47
TRAINING COMPLETE for  30  hid : seed  3
training finished in  58
TRAINING COMPLETE for  30  hid : seed  4
training finished in  61
TRAINING COMPLETE for  35  hid : seed  0
training finished in  55
TRAINING COMPLETE for  35  hid : seed  1
training finished in  67
TRAINING COMPLETE for  35  hid : seed  2
training finished in  45
TRAINING COMPLETE for  35  hid : seed  3
training finished in  70
TRAINING COMPLETE for  35  hid : seed  4
training finished in  61
TRAINING COMPLETE for  40  hid : seed  0
training finished in  63
TRAINING COMPLETE for  40  hid : seed  1
training finished in  62
TRAINING COMPLETE for  40  hid : seed  2
training finished in  64
TRAINING COMPLETE for  40  hid : seed  3
training finished in  73
TRAINING COMPLETE for  40  hid : seed  4
not enough training obs
