2020-09-20 20:36:17.328848
pretraining finished in 1766 epochs
training finished in  9
TRAINING COMPLETE for  1  hid : seed  0
training finished in  9
TRAINING COMPLETE for  1  hid : seed  1
training finished in  11
TRAINING COMPLETE for  1  hid : seed  2
training finished in  9
TRAINING COMPLETE for  1  hid : seed  3
training finished in  9
TRAINING COMPLETE for  1  hid : seed  4
training finished in  22
TRAINING COMPLETE for  2  hid : seed  0
training finished in  11
TRAINING COMPLETE for  2  hid : seed  1
training finished in  11
TRAINING COMPLETE for  2  hid : seed  2
training finished in  21
TRAINING COMPLETE for  2  hid : seed  3
training finished in  10
TRAINING COMPLETE for  2  hid : seed  4
training finished in  10
TRAINING COMPLETE for  5  hid : seed  0
training finished in  14
TRAINING COMPLETE for  5  hid : seed  1
training finished in  9
TRAINING COMPLETE for  5  hid : seed  2
training finished in  13
TRAINING COMPLETE for  5  hid : seed  3
training finished in  9
TRAINING COMPLETE for  5  hid : seed  4
training finished in  21
TRAINING COMPLETE for  10  hid : seed  0
training finished in  9
TRAINING COMPLETE for  10  hid : seed  1
training finished in  12
TRAINING COMPLETE for  10  hid : seed  2
training finished in  13
TRAINING COMPLETE for  10  hid : seed  3
training finished in  9
TRAINING COMPLETE for  10  hid : seed  4
training finished in  15
TRAINING COMPLETE for  15  hid : seed  0
training finished in  9
TRAINING COMPLETE for  15  hid : seed  1
training finished in  15
TRAINING COMPLETE for  15  hid : seed  2
training finished in  13
TRAINING COMPLETE for  15  hid : seed  3
training finished in  13
TRAINING COMPLETE for  15  hid : seed  4
training finished in  19
TRAINING COMPLETE for  20  hid : seed  0
training finished in  10
TRAINING COMPLETE for  20  hid : seed  1
training finished in  12
TRAINING COMPLETE for  20  hid : seed  2
training finished in  14
TRAINING COMPLETE for  20  hid : seed  3
training finished in  14
TRAINING COMPLETE for  20  hid : seed  4
training finished in  12
TRAINING COMPLETE for  25  hid : seed  0
training finished in  12
TRAINING COMPLETE for  25  hid : seed  1
training finished in  11
TRAINING COMPLETE for  25  hid : seed  2
training finished in  13
TRAINING COMPLETE for  25  hid : seed  3
training finished in  15
TRAINING COMPLETE for  25  hid : seed  4
training finished in  12
TRAINING COMPLETE for  30  hid : seed  0
training finished in  15
TRAINING COMPLETE for  30  hid : seed  1
training finished in  11
TRAINING COMPLETE for  30  hid : seed  2
training finished in  16
TRAINING COMPLETE for  30  hid : seed  3
training finished in  17
TRAINING COMPLETE for  30  hid : seed  4
not enough training obs
