2020-09-20 19:41:41.913459
pretraining finished in 1201 epochs
training finished in  9
TRAINING COMPLETE for  1  hid : seed  0
training finished in  10
TRAINING COMPLETE for  1  hid : seed  1
training finished in  9
TRAINING COMPLETE for  1  hid : seed  2
training finished in  9
TRAINING COMPLETE for  1  hid : seed  3
training finished in  9
TRAINING COMPLETE for  1  hid : seed  4
training finished in  9
TRAINING COMPLETE for  2  hid : seed  0
training finished in  9
TRAINING COMPLETE for  2  hid : seed  1
training finished in  10
TRAINING COMPLETE for  2  hid : seed  2
training finished in  11
TRAINING COMPLETE for  2  hid : seed  3
training finished in  12
TRAINING COMPLETE for  2  hid : seed  4
training finished in  10
TRAINING COMPLETE for  5  hid : seed  0
training finished in  9
TRAINING COMPLETE for  5  hid : seed  1
training finished in  9
TRAINING COMPLETE for  5  hid : seed  2
training finished in  13
TRAINING COMPLETE for  5  hid : seed  3
training finished in  10
TRAINING COMPLETE for  5  hid : seed  4
training finished in  16
TRAINING COMPLETE for  10  hid : seed  0
training finished in  9
TRAINING COMPLETE for  10  hid : seed  1
training finished in  15
TRAINING COMPLETE for  10  hid : seed  2
training finished in  18
TRAINING COMPLETE for  10  hid : seed  3
training finished in  11
TRAINING COMPLETE for  10  hid : seed  4
training finished in  22
TRAINING COMPLETE for  15  hid : seed  0
training finished in  9
TRAINING COMPLETE for  15  hid : seed  1
training finished in  13
TRAINING COMPLETE for  15  hid : seed  2
training finished in  20
TRAINING COMPLETE for  15  hid : seed  3
training finished in  23
TRAINING COMPLETE for  15  hid : seed  4
training finished in  41
TRAINING COMPLETE for  20  hid : seed  0
training finished in  12
TRAINING COMPLETE for  20  hid : seed  1
training finished in  25
TRAINING COMPLETE for  20  hid : seed  2
training finished in  42
TRAINING COMPLETE for  20  hid : seed  3
training finished in  35
TRAINING COMPLETE for  20  hid : seed  4
training finished in  35
TRAINING COMPLETE for  25  hid : seed  0
training finished in  17
TRAINING COMPLETE for  25  hid : seed  1
training finished in  29
TRAINING COMPLETE for  25  hid : seed  2
training finished in  39
TRAINING COMPLETE for  25  hid : seed  3
training finished in  39
TRAINING COMPLETE for  25  hid : seed  4
training finished in  46
TRAINING COMPLETE for  30  hid : seed  0
training finished in  31
TRAINING COMPLETE for  30  hid : seed  1
training finished in  31
TRAINING COMPLETE for  30  hid : seed  2
training finished in  48
TRAINING COMPLETE for  30  hid : seed  3
training finished in  45
TRAINING COMPLETE for  30  hid : seed  4
training finished in  58
TRAINING COMPLETE for  35  hid : seed  0
training finished in  37
TRAINING COMPLETE for  35  hid : seed  1
training finished in  49
TRAINING COMPLETE for  35  hid : seed  2
training finished in  58
TRAINING COMPLETE for  35  hid : seed  3
training finished in  55
TRAINING COMPLETE for  35  hid : seed  4
training finished in  55
TRAINING COMPLETE for  40  hid : seed  0
training finished in  57
TRAINING COMPLETE for  40  hid : seed  1
training finished in  50
TRAINING COMPLETE for  40  hid : seed  2
training finished in  62
TRAINING COMPLETE for  40  hid : seed  3
training finished in  57
TRAINING COMPLETE for  40  hid : seed  4
not enough training obs
