2020-09-20 19:38:49.740452
pretraining finished in 697 epochs
training finished in  28
TRAINING COMPLETE for  1  hid : seed  0
training finished in  12
TRAINING COMPLETE for  1  hid : seed  1
training finished in  25
TRAINING COMPLETE for  1  hid : seed  2
training finished in  57
TRAINING COMPLETE for  1  hid : seed  3
training finished in  49
TRAINING COMPLETE for  1  hid : seed  4
training finished in  24
TRAINING COMPLETE for  2  hid : seed  0
training finished in  10
TRAINING COMPLETE for  2  hid : seed  1
training finished in  28
TRAINING COMPLETE for  2  hid : seed  2
training finished in  49
TRAINING COMPLETE for  2  hid : seed  3
training finished in  70
TRAINING COMPLETE for  2  hid : seed  4
training finished in  25
TRAINING COMPLETE for  5  hid : seed  0
training finished in  43
TRAINING COMPLETE for  5  hid : seed  1
training finished in  15
TRAINING COMPLETE for  5  hid : seed  2
training finished in  51
TRAINING COMPLETE for  5  hid : seed  3
training finished in  30
TRAINING COMPLETE for  5  hid : seed  4
training finished in  24
TRAINING COMPLETE for  10  hid : seed  0
training finished in  50
TRAINING COMPLETE for  10  hid : seed  1
training finished in  107
TRAINING COMPLETE for  10  hid : seed  2
training finished in  55
TRAINING COMPLETE for  10  hid : seed  3
training finished in  44
TRAINING COMPLETE for  10  hid : seed  4
training finished in  46
TRAINING COMPLETE for  15  hid : seed  0
training finished in  46
TRAINING COMPLETE for  15  hid : seed  1
training finished in  53
TRAINING COMPLETE for  15  hid : seed  2
training finished in  40
TRAINING COMPLETE for  15  hid : seed  3
training finished in  60
TRAINING COMPLETE for  15  hid : seed  4
training finished in  46
TRAINING COMPLETE for  20  hid : seed  0
training finished in  45
TRAINING COMPLETE for  20  hid : seed  1
training finished in  66
TRAINING COMPLETE for  20  hid : seed  2
training finished in  54
TRAINING COMPLETE for  20  hid : seed  3
training finished in  40
TRAINING COMPLETE for  20  hid : seed  4
training finished in  56
TRAINING COMPLETE for  25  hid : seed  0
training finished in  62
TRAINING COMPLETE for  25  hid : seed  1
training finished in  63
TRAINING COMPLETE for  25  hid : seed  2
training finished in  53
TRAINING COMPLETE for  25  hid : seed  3
training finished in  56
TRAINING COMPLETE for  25  hid : seed  4
training finished in  69
TRAINING COMPLETE for  30  hid : seed  0
training finished in  60
TRAINING COMPLETE for  30  hid : seed  1
training finished in  56
TRAINING COMPLETE for  30  hid : seed  2
training finished in  70
TRAINING COMPLETE for  30  hid : seed  3
training finished in  65
TRAINING COMPLETE for  30  hid : seed  4
training finished in  62
TRAINING COMPLETE for  35  hid : seed  0
training finished in  66
TRAINING COMPLETE for  35  hid : seed  1
training finished in  87
TRAINING COMPLETE for  35  hid : seed  2
training finished in  58
TRAINING COMPLETE for  35  hid : seed  3
training finished in  60
TRAINING COMPLETE for  35  hid : seed  4
not enough training obs
