2020-09-20 19:29:08.586114
pretraining finished in 896 epochs
training finished in  9
TRAINING COMPLETE for  1  hid : seed  0
training finished in  9
TRAINING COMPLETE for  1  hid : seed  1
training finished in  9
TRAINING COMPLETE for  1  hid : seed  2
training finished in  9
TRAINING COMPLETE for  1  hid : seed  3
training finished in  10
TRAINING COMPLETE for  1  hid : seed  4
training finished in  13
TRAINING COMPLETE for  2  hid : seed  0
training finished in  9
TRAINING COMPLETE for  2  hid : seed  1
training finished in  9
TRAINING COMPLETE for  2  hid : seed  2
training finished in  9
TRAINING COMPLETE for  2  hid : seed  3
training finished in  167
TRAINING COMPLETE for  2  hid : seed  4
training finished in  10
TRAINING COMPLETE for  5  hid : seed  0
training finished in  9
TRAINING COMPLETE for  5  hid : seed  1
training finished in  9
TRAINING COMPLETE for  5  hid : seed  2
training finished in  12
TRAINING COMPLETE for  5  hid : seed  3
training finished in  54
TRAINING COMPLETE for  5  hid : seed  4
training finished in  10
TRAINING COMPLETE for  10  hid : seed  0
training finished in  47
TRAINING COMPLETE for  10  hid : seed  1
training finished in  9
TRAINING COMPLETE for  10  hid : seed  2
training finished in  9
TRAINING COMPLETE for  10  hid : seed  3
training finished in  50
TRAINING COMPLETE for  10  hid : seed  4
training finished in  40
TRAINING COMPLETE for  15  hid : seed  0
training finished in  56
TRAINING COMPLETE for  15  hid : seed  1
training finished in  9
TRAINING COMPLETE for  15  hid : seed  2
training finished in  9
TRAINING COMPLETE for  15  hid : seed  3
training finished in  49
TRAINING COMPLETE for  15  hid : seed  4
training finished in  42
TRAINING COMPLETE for  20  hid : seed  0
training finished in  52
TRAINING COMPLETE for  20  hid : seed  1
training finished in  9
TRAINING COMPLETE for  20  hid : seed  2
training finished in  9
TRAINING COMPLETE for  20  hid : seed  3
training finished in  37
TRAINING COMPLETE for  20  hid : seed  4
training finished in  40
TRAINING COMPLETE for  25  hid : seed  0
training finished in  45
TRAINING COMPLETE for  25  hid : seed  1
training finished in  11
TRAINING COMPLETE for  25  hid : seed  2
training finished in  44
TRAINING COMPLETE for  25  hid : seed  3
training finished in  39
TRAINING COMPLETE for  25  hid : seed  4
training finished in  38
TRAINING COMPLETE for  30  hid : seed  0
training finished in  45
TRAINING COMPLETE for  30  hid : seed  1
training finished in  42
TRAINING COMPLETE for  30  hid : seed  2
training finished in  54
TRAINING COMPLETE for  30  hid : seed  3
training finished in  42
TRAINING COMPLETE for  30  hid : seed  4
training finished in  48
TRAINING COMPLETE for  35  hid : seed  0
training finished in  44
TRAINING COMPLETE for  35  hid : seed  1
training finished in  41
TRAINING COMPLETE for  35  hid : seed  2
training finished in  42
TRAINING COMPLETE for  35  hid : seed  3
training finished in  43
TRAINING COMPLETE for  35  hid : seed  4
not enough training obs
