2020-09-20 20:16:24.370819
pretraining finished in 2393 epochs
training finished in  9
TRAINING COMPLETE for  1  hid : seed  0
training finished in  11
TRAINING COMPLETE for  1  hid : seed  1
training finished in  59
TRAINING COMPLETE for  1  hid : seed  2
training finished in  10
TRAINING COMPLETE for  1  hid : seed  3
training finished in  9
TRAINING COMPLETE for  1  hid : seed  4
training finished in  11
TRAINING COMPLETE for  2  hid : seed  0
training finished in  9
TRAINING COMPLETE for  2  hid : seed  1
training finished in  59
TRAINING COMPLETE for  2  hid : seed  2
training finished in  94
TRAINING COMPLETE for  2  hid : seed  3
training finished in  9
TRAINING COMPLETE for  2  hid : seed  4
training finished in  10
TRAINING COMPLETE for  5  hid : seed  0
training finished in  97
TRAINING COMPLETE for  5  hid : seed  1
training finished in  197
TRAINING COMPLETE for  5  hid : seed  2
training finished in  60
TRAINING COMPLETE for  5  hid : seed  3
training finished in  11
TRAINING COMPLETE for  5  hid : seed  4
training finished in  20
TRAINING COMPLETE for  10  hid : seed  0
training finished in  177
TRAINING COMPLETE for  10  hid : seed  1
training finished in  320
TRAINING COMPLETE for  10  hid : seed  2
training finished in  247
TRAINING COMPLETE for  10  hid : seed  3
training finished in  27
TRAINING COMPLETE for  10  hid : seed  4
training finished in  31
TRAINING COMPLETE for  15  hid : seed  0
training finished in  151
TRAINING COMPLETE for  15  hid : seed  1
training finished in  269
TRAINING COMPLETE for  15  hid : seed  2
training finished in  217
TRAINING COMPLETE for  15  hid : seed  3
training finished in  44
TRAINING COMPLETE for  15  hid : seed  4
training finished in  34
TRAINING COMPLETE for  20  hid : seed  0
training finished in  240
TRAINING COMPLETE for  20  hid : seed  1
training finished in  287
TRAINING COMPLETE for  20  hid : seed  2
training finished in  232
TRAINING COMPLETE for  20  hid : seed  3
training finished in  143
TRAINING COMPLETE for  20  hid : seed  4
training finished in  174
TRAINING COMPLETE for  25  hid : seed  0
training finished in  337
TRAINING COMPLETE for  25  hid : seed  1
training finished in  381
TRAINING COMPLETE for  25  hid : seed  2
training finished in  299
TRAINING COMPLETE for  25  hid : seed  3
training finished in  235
TRAINING COMPLETE for  25  hid : seed  4
training finished in  382
TRAINING COMPLETE for  30  hid : seed  0
training finished in  409
TRAINING COMPLETE for  30  hid : seed  1
training finished in  365
TRAINING COMPLETE for  30  hid : seed  2
training finished in  302
TRAINING COMPLETE for  30  hid : seed  3
training finished in  324
TRAINING COMPLETE for  30  hid : seed  4
not enough training obs
