2020-09-20 19:25:59.260298
pretraining finished in 683 epochs
training finished in  12
TRAINING COMPLETE for  1  hid : seed  0
training finished in  30
TRAINING COMPLETE for  1  hid : seed  1
training finished in  28
TRAINING COMPLETE for  1  hid : seed  2
training finished in  11
TRAINING COMPLETE for  1  hid : seed  3
training finished in  22
TRAINING COMPLETE for  1  hid : seed  4
training finished in  13
TRAINING COMPLETE for  2  hid : seed  0
training finished in  62
TRAINING COMPLETE for  2  hid : seed  1
training finished in  24
TRAINING COMPLETE for  2  hid : seed  2
training finished in  16
TRAINING COMPLETE for  2  hid : seed  3
training finished in  9
TRAINING COMPLETE for  2  hid : seed  4
training finished in  39
TRAINING COMPLETE for  5  hid : seed  0
training finished in  50
TRAINING COMPLETE for  5  hid : seed  1
training finished in  42
TRAINING COMPLETE for  5  hid : seed  2
training finished in  19
TRAINING COMPLETE for  5  hid : seed  3
training finished in  21
TRAINING COMPLETE for  5  hid : seed  4
training finished in  48
TRAINING COMPLETE for  10  hid : seed  0
training finished in  79
TRAINING COMPLETE for  10  hid : seed  1
training finished in  60
TRAINING COMPLETE for  10  hid : seed  2
training finished in  84
TRAINING COMPLETE for  10  hid : seed  3
training finished in  40
TRAINING COMPLETE for  10  hid : seed  4
training finished in  53
TRAINING COMPLETE for  15  hid : seed  0
training finished in  85
TRAINING COMPLETE for  15  hid : seed  1
training finished in  114
TRAINING COMPLETE for  15  hid : seed  2
training finished in  92
TRAINING COMPLETE for  15  hid : seed  3
training finished in  94
TRAINING COMPLETE for  15  hid : seed  4
training finished in  79
TRAINING COMPLETE for  20  hid : seed  0
training finished in  139
TRAINING COMPLETE for  20  hid : seed  1
training finished in  123
TRAINING COMPLETE for  20  hid : seed  2
training finished in  124
TRAINING COMPLETE for  20  hid : seed  3
training finished in  123
TRAINING COMPLETE for  20  hid : seed  4
training finished in  95
TRAINING COMPLETE for  25  hid : seed  0
training finished in  104
TRAINING COMPLETE for  25  hid : seed  1
training finished in  134
TRAINING COMPLETE for  25  hid : seed  2
training finished in  127
TRAINING COMPLETE for  25  hid : seed  3
training finished in  140
TRAINING COMPLETE for  25  hid : seed  4
training finished in  143
TRAINING COMPLETE for  30  hid : seed  0
training finished in  233
TRAINING COMPLETE for  30  hid : seed  1
training finished in  196
TRAINING COMPLETE for  30  hid : seed  2
training finished in  191
TRAINING COMPLETE for  30  hid : seed  3
training finished in  172
TRAINING COMPLETE for  30  hid : seed  4
training finished in  278
TRAINING COMPLETE for  35  hid : seed  0
training finished in  233
TRAINING COMPLETE for  35  hid : seed  1
training finished in  246
TRAINING COMPLETE for  35  hid : seed  2
training finished in  239
TRAINING COMPLETE for  35  hid : seed  3
training finished in  180
TRAINING COMPLETE for  35  hid : seed  4
training finished in  226
TRAINING COMPLETE for  40  hid : seed  0
training finished in  208
TRAINING COMPLETE for  40  hid : seed  1
training finished in  230
TRAINING COMPLETE for  40  hid : seed  2
training finished in  269
TRAINING COMPLETE for  40  hid : seed  3
training finished in  227
TRAINING COMPLETE for  40  hid : seed  4
not enough training obs
