2020-09-20 19:28:42.285291
pretraining finished in 792 epochs
training finished in  9
TRAINING COMPLETE for  1  hid : seed  0
training finished in  9
TRAINING COMPLETE for  1  hid : seed  1
training finished in  9
TRAINING COMPLETE for  1  hid : seed  2
training finished in  10
TRAINING COMPLETE for  1  hid : seed  3
training finished in  15
TRAINING COMPLETE for  1  hid : seed  4
training finished in  9
TRAINING COMPLETE for  2  hid : seed  0
training finished in  1979
TRAINING COMPLETE for  2  hid : seed  1
training finished in  10
TRAINING COMPLETE for  2  hid : seed  2
training finished in  9
TRAINING COMPLETE for  2  hid : seed  3
training finished in  11
TRAINING COMPLETE for  2  hid : seed  4
training finished in  16
TRAINING COMPLETE for  5  hid : seed  0
training finished in  486
TRAINING COMPLETE for  5  hid : seed  1
training finished in  9
TRAINING COMPLETE for  5  hid : seed  2
training finished in  14
TRAINING COMPLETE for  5  hid : seed  3
training finished in  9
TRAINING COMPLETE for  5  hid : seed  4
training finished in  102
TRAINING COMPLETE for  10  hid : seed  0
training finished in  191
TRAINING COMPLETE for  10  hid : seed  1
training finished in  35
TRAINING COMPLETE for  10  hid : seed  2
training finished in  19
TRAINING COMPLETE for  10  hid : seed  3
training finished in  108
TRAINING COMPLETE for  10  hid : seed  4
training finished in  153
TRAINING COMPLETE for  15  hid : seed  0
training finished in  140
TRAINING COMPLETE for  15  hid : seed  1
training finished in  48
TRAINING COMPLETE for  15  hid : seed  2
training finished in  122
TRAINING COMPLETE for  15  hid : seed  3
training finished in  102
TRAINING COMPLETE for  15  hid : seed  4
training finished in  153
TRAINING COMPLETE for  20  hid : seed  0
training finished in  111
TRAINING COMPLETE for  20  hid : seed  1
training finished in  92
TRAINING COMPLETE for  20  hid : seed  2
training finished in  126
TRAINING COMPLETE for  20  hid : seed  3
training finished in  112
TRAINING COMPLETE for  20  hid : seed  4
training finished in  156
TRAINING COMPLETE for  25  hid : seed  0
training finished in  137
TRAINING COMPLETE for  25  hid : seed  1
training finished in  146
TRAINING COMPLETE for  25  hid : seed  2
training finished in  161
TRAINING COMPLETE for  25  hid : seed  3
training finished in  137
TRAINING COMPLETE for  25  hid : seed  4
training finished in  149
TRAINING COMPLETE for  30  hid : seed  0
training finished in  219
TRAINING COMPLETE for  30  hid : seed  1
training finished in  182
TRAINING COMPLETE for  30  hid : seed  2
training finished in  188
TRAINING COMPLETE for  30  hid : seed  3
training finished in  152
TRAINING COMPLETE for  30  hid : seed  4
training finished in  201
TRAINING COMPLETE for  35  hid : seed  0
training finished in  237
TRAINING COMPLETE for  35  hid : seed  1
training finished in  270
TRAINING COMPLETE for  35  hid : seed  2
training finished in  260
TRAINING COMPLETE for  35  hid : seed  3
training finished in  206
TRAINING COMPLETE for  35  hid : seed  4
training finished in  237
TRAINING COMPLETE for  40  hid : seed  0
training finished in  210
TRAINING COMPLETE for  40  hid : seed  1
training finished in  185
TRAINING COMPLETE for  40  hid : seed  2
training finished in  246
TRAINING COMPLETE for  40  hid : seed  3
training finished in  182
TRAINING COMPLETE for  40  hid : seed  4
not enough training obs
