2020-09-20 19:47:14.175307
pretraining finished in 827 epochs
training finished in  9
TRAINING COMPLETE for  1  hid : seed  0
training finished in  15
TRAINING COMPLETE for  1  hid : seed  1
training finished in  9
TRAINING COMPLETE for  1  hid : seed  2
training finished in  13
TRAINING COMPLETE for  1  hid : seed  3
training finished in  9
TRAINING COMPLETE for  1  hid : seed  4
training finished in  10
TRAINING COMPLETE for  2  hid : seed  0
training finished in  9
TRAINING COMPLETE for  2  hid : seed  1
training finished in  9
TRAINING COMPLETE for  2  hid : seed  2
training finished in  9
TRAINING COMPLETE for  2  hid : seed  3
training finished in  10
TRAINING COMPLETE for  2  hid : seed  4
training finished in  9
TRAINING COMPLETE for  5  hid : seed  0
training finished in  20
TRAINING COMPLETE for  5  hid : seed  1
training finished in  16
TRAINING COMPLETE for  5  hid : seed  2
training finished in  19
TRAINING COMPLETE for  5  hid : seed  3
training finished in  16
TRAINING COMPLETE for  5  hid : seed  4
training finished in  28
TRAINING COMPLETE for  10  hid : seed  0
training finished in  17
TRAINING COMPLETE for  10  hid : seed  1
training finished in  31
TRAINING COMPLETE for  10  hid : seed  2
training finished in  36
TRAINING COMPLETE for  10  hid : seed  3
training finished in  17
TRAINING COMPLETE for  10  hid : seed  4
training finished in  32
TRAINING COMPLETE for  15  hid : seed  0
training finished in  25
TRAINING COMPLETE for  15  hid : seed  1
training finished in  31
TRAINING COMPLETE for  15  hid : seed  2
training finished in  90
TRAINING COMPLETE for  15  hid : seed  3
training finished in  83
TRAINING COMPLETE for  15  hid : seed  4
training finished in  34
TRAINING COMPLETE for  20  hid : seed  0
training finished in  45
TRAINING COMPLETE for  20  hid : seed  1
training finished in  28
TRAINING COMPLETE for  20  hid : seed  2
training finished in  57
TRAINING COMPLETE for  20  hid : seed  3
training finished in  81
TRAINING COMPLETE for  20  hid : seed  4
training finished in  42
TRAINING COMPLETE for  25  hid : seed  0
training finished in  43
TRAINING COMPLETE for  25  hid : seed  1
training finished in  48
TRAINING COMPLETE for  25  hid : seed  2
training finished in  65
TRAINING COMPLETE for  25  hid : seed  3
training finished in  96
TRAINING COMPLETE for  25  hid : seed  4
training finished in  39
TRAINING COMPLETE for  30  hid : seed  0
training finished in  90
TRAINING COMPLETE for  30  hid : seed  1
training finished in  70
TRAINING COMPLETE for  30  hid : seed  2
training finished in  74
TRAINING COMPLETE for  30  hid : seed  3
training finished in  112
TRAINING COMPLETE for  30  hid : seed  4
training finished in  84
TRAINING COMPLETE for  35  hid : seed  0
training finished in  88
TRAINING COMPLETE for  35  hid : seed  1
training finished in  80
TRAINING COMPLETE for  35  hid : seed  2
training finished in  79
TRAINING COMPLETE for  35  hid : seed  3
training finished in  83
TRAINING COMPLETE for  35  hid : seed  4
not enough training obs
