2020-09-20 19:55:54.797770
pretraining finished in 765 epochs
training finished in  9
TRAINING COMPLETE for  1  hid : seed  0
training finished in  9
TRAINING COMPLETE for  1  hid : seed  1
training finished in  9
TRAINING COMPLETE for  1  hid : seed  2
training finished in  9
TRAINING COMPLETE for  1  hid : seed  3
training finished in  24
TRAINING COMPLETE for  1  hid : seed  4
training finished in  25
TRAINING COMPLETE for  2  hid : seed  0
training finished in  84
TRAINING COMPLETE for  2  hid : seed  1
training finished in  9
TRAINING COMPLETE for  2  hid : seed  2
training finished in  55
TRAINING COMPLETE for  2  hid : seed  3
training finished in  28
TRAINING COMPLETE for  2  hid : seed  4
training finished in  24
TRAINING COMPLETE for  5  hid : seed  0
training finished in  94
TRAINING COMPLETE for  5  hid : seed  1
training finished in  36
TRAINING COMPLETE for  5  hid : seed  2
training finished in  69
TRAINING COMPLETE for  5  hid : seed  3
training finished in  15
TRAINING COMPLETE for  5  hid : seed  4
training finished in  62
TRAINING COMPLETE for  10  hid : seed  0
training finished in  84
TRAINING COMPLETE for  10  hid : seed  1
training finished in  37
TRAINING COMPLETE for  10  hid : seed  2
training finished in  53
TRAINING COMPLETE for  10  hid : seed  3
training finished in  17
TRAINING COMPLETE for  10  hid : seed  4
training finished in  107
TRAINING COMPLETE for  15  hid : seed  0
training finished in  84
TRAINING COMPLETE for  15  hid : seed  1
training finished in  40
TRAINING COMPLETE for  15  hid : seed  2
training finished in  79
TRAINING COMPLETE for  15  hid : seed  3
training finished in  24
TRAINING COMPLETE for  15  hid : seed  4
training finished in  104
TRAINING COMPLETE for  20  hid : seed  0
training finished in  112
TRAINING COMPLETE for  20  hid : seed  1
training finished in  60
TRAINING COMPLETE for  20  hid : seed  2
training finished in  95
TRAINING COMPLETE for  20  hid : seed  3
training finished in  61
TRAINING COMPLETE for  20  hid : seed  4
training finished in  99
TRAINING COMPLETE for  25  hid : seed  0
training finished in  124
TRAINING COMPLETE for  25  hid : seed  1
training finished in  73
TRAINING COMPLETE for  25  hid : seed  2
training finished in  93
TRAINING COMPLETE for  25  hid : seed  3
training finished in  79
TRAINING COMPLETE for  25  hid : seed  4
training finished in  97
TRAINING COMPLETE for  30  hid : seed  0
training finished in  129
TRAINING COMPLETE for  30  hid : seed  1
training finished in  116
TRAINING COMPLETE for  30  hid : seed  2
training finished in  164
TRAINING COMPLETE for  30  hid : seed  3
training finished in  76
TRAINING COMPLETE for  30  hid : seed  4
training finished in  104
TRAINING COMPLETE for  35  hid : seed  0
training finished in  112
TRAINING COMPLETE for  35  hid : seed  1
training finished in  96
TRAINING COMPLETE for  35  hid : seed  2
training finished in  101
TRAINING COMPLETE for  35  hid : seed  3
training finished in  115
TRAINING COMPLETE for  35  hid : seed  4
training finished in  119
TRAINING COMPLETE for  40  hid : seed  0
training finished in  126
TRAINING COMPLETE for  40  hid : seed  1
training finished in  134
TRAINING COMPLETE for  40  hid : seed  2
training finished in  120
TRAINING COMPLETE for  40  hid : seed  3
training finished in  128
TRAINING COMPLETE for  40  hid : seed  4
not enough training obs
