2020-09-20 19:46:46.534336
pretraining finished in 994 epochs
training finished in  9
TRAINING COMPLETE for  1  hid : seed  0
training finished in  9
TRAINING COMPLETE for  1  hid : seed  1
training finished in  9
TRAINING COMPLETE for  1  hid : seed  2
training finished in  10
TRAINING COMPLETE for  1  hid : seed  3
training finished in  23
TRAINING COMPLETE for  1  hid : seed  4
training finished in  12
TRAINING COMPLETE for  2  hid : seed  0
training finished in  11
TRAINING COMPLETE for  2  hid : seed  1
training finished in  10
TRAINING COMPLETE for  2  hid : seed  2
training finished in  16
TRAINING COMPLETE for  2  hid : seed  3
training finished in  16
TRAINING COMPLETE for  2  hid : seed  4
training finished in  19
TRAINING COMPLETE for  5  hid : seed  0
training finished in  14
TRAINING COMPLETE for  5  hid : seed  1
training finished in  12
TRAINING COMPLETE for  5  hid : seed  2
training finished in  15
TRAINING COMPLETE for  5  hid : seed  3
training finished in  10
TRAINING COMPLETE for  5  hid : seed  4
training finished in  20
TRAINING COMPLETE for  10  hid : seed  0
training finished in  24
TRAINING COMPLETE for  10  hid : seed  1
training finished in  13
TRAINING COMPLETE for  10  hid : seed  2
training finished in  19
TRAINING COMPLETE for  10  hid : seed  3
training finished in  12
TRAINING COMPLETE for  10  hid : seed  4
training finished in  23
TRAINING COMPLETE for  15  hid : seed  0
training finished in  27
TRAINING COMPLETE for  15  hid : seed  1
training finished in  30
TRAINING COMPLETE for  15  hid : seed  2
training finished in  40
TRAINING COMPLETE for  15  hid : seed  3
training finished in  13
TRAINING COMPLETE for  15  hid : seed  4
training finished in  24
TRAINING COMPLETE for  20  hid : seed  0
training finished in  25
TRAINING COMPLETE for  20  hid : seed  1
training finished in  35
TRAINING COMPLETE for  20  hid : seed  2
training finished in  53
TRAINING COMPLETE for  20  hid : seed  3
training finished in  34
TRAINING COMPLETE for  20  hid : seed  4
training finished in  30
TRAINING COMPLETE for  25  hid : seed  0
training finished in  53
TRAINING COMPLETE for  25  hid : seed  1
training finished in  38
TRAINING COMPLETE for  25  hid : seed  2
training finished in  76
TRAINING COMPLETE for  25  hid : seed  3
training finished in  56
TRAINING COMPLETE for  25  hid : seed  4
training finished in  32
TRAINING COMPLETE for  30  hid : seed  0
training finished in  60
TRAINING COMPLETE for  30  hid : seed  1
training finished in  36
TRAINING COMPLETE for  30  hid : seed  2
training finished in  68
TRAINING COMPLETE for  30  hid : seed  3
training finished in  59
TRAINING COMPLETE for  30  hid : seed  4
training finished in  41
TRAINING COMPLETE for  35  hid : seed  0
training finished in  49
TRAINING COMPLETE for  35  hid : seed  1
training finished in  75
TRAINING COMPLETE for  35  hid : seed  2
training finished in  60
TRAINING COMPLETE for  35  hid : seed  3
training finished in  77
TRAINING COMPLETE for  35  hid : seed  4
training finished in  33
TRAINING COMPLETE for  40  hid : seed  0
training finished in  59
TRAINING COMPLETE for  40  hid : seed  1
training finished in  89
TRAINING COMPLETE for  40  hid : seed  2
training finished in  76
TRAINING COMPLETE for  40  hid : seed  3
training finished in  85
TRAINING COMPLETE for  40  hid : seed  4
training finished in  29
TRAINING COMPLETE for  45  hid : seed  0
training finished in  65
TRAINING COMPLETE for  45  hid : seed  1
training finished in  72
TRAINING COMPLETE for  45  hid : seed  2
training finished in  81
TRAINING COMPLETE for  45  hid : seed  3
training finished in  79
TRAINING COMPLETE for  45  hid : seed  4
not enough training obs
