2020-09-20 19:37:28.731046
pretraining finished in 1353 epochs
training finished in  9
TRAINING COMPLETE for  1  hid : seed  0
training finished in  9
TRAINING COMPLETE for  1  hid : seed  1
training finished in  9
TRAINING COMPLETE for  1  hid : seed  2
training finished in  12
TRAINING COMPLETE for  1  hid : seed  3
training finished in  21
TRAINING COMPLETE for  1  hid : seed  4
training finished in  9
TRAINING COMPLETE for  2  hid : seed  0
training finished in  12
TRAINING COMPLETE for  2  hid : seed  1
training finished in  12
TRAINING COMPLETE for  2  hid : seed  2
training finished in  9
TRAINING COMPLETE for  2  hid : seed  3
training finished in  14
TRAINING COMPLETE for  2  hid : seed  4
training finished in  14
TRAINING COMPLETE for  5  hid : seed  0
training finished in  21
TRAINING COMPLETE for  5  hid : seed  1
training finished in  19
TRAINING COMPLETE for  5  hid : seed  2
training finished in  11
TRAINING COMPLETE for  5  hid : seed  3
training finished in  13
TRAINING COMPLETE for  5  hid : seed  4
training finished in  17
TRAINING COMPLETE for  10  hid : seed  0
training finished in  21
TRAINING COMPLETE for  10  hid : seed  1
training finished in  16
TRAINING COMPLETE for  10  hid : seed  2
training finished in  18
TRAINING COMPLETE for  10  hid : seed  3
training finished in  80
TRAINING COMPLETE for  10  hid : seed  4
training finished in  18
TRAINING COMPLETE for  15  hid : seed  0
training finished in  130
TRAINING COMPLETE for  15  hid : seed  1
training finished in  30
TRAINING COMPLETE for  15  hid : seed  2
training finished in  24
TRAINING COMPLETE for  15  hid : seed  3
training finished in  162
TRAINING COMPLETE for  15  hid : seed  4
training finished in  118
TRAINING COMPLETE for  20  hid : seed  0
training finished in  128
TRAINING COMPLETE for  20  hid : seed  1
training finished in  26
TRAINING COMPLETE for  20  hid : seed  2
training finished in  24
TRAINING COMPLETE for  20  hid : seed  3
training finished in  134
TRAINING COMPLETE for  20  hid : seed  4
training finished in  169
TRAINING COMPLETE for  25  hid : seed  0
training finished in  160
TRAINING COMPLETE for  25  hid : seed  1
training finished in  31
TRAINING COMPLETE for  25  hid : seed  2
training finished in  30
TRAINING COMPLETE for  25  hid : seed  3
training finished in  158
TRAINING COMPLETE for  25  hid : seed  4
training finished in  126
TRAINING COMPLETE for  30  hid : seed  0
training finished in  132
TRAINING COMPLETE for  30  hid : seed  1
training finished in  31
TRAINING COMPLETE for  30  hid : seed  2
training finished in  131
TRAINING COMPLETE for  30  hid : seed  3
training finished in  130
TRAINING COMPLETE for  30  hid : seed  4
not enough training obs
