2020-09-20 19:28:42.334559
pretraining finished in 1471 epochs
training finished in  9
TRAINING COMPLETE for  1  hid : seed  0
training finished in  9
TRAINING COMPLETE for  1  hid : seed  1
training finished in  9
TRAINING COMPLETE for  1  hid : seed  2
training finished in  21
TRAINING COMPLETE for  1  hid : seed  3
training finished in  9
TRAINING COMPLETE for  1  hid : seed  4
training finished in  9
TRAINING COMPLETE for  2  hid : seed  0
training finished in  14
TRAINING COMPLETE for  2  hid : seed  1
training finished in  10
TRAINING COMPLETE for  2  hid : seed  2
training finished in  9
TRAINING COMPLETE for  2  hid : seed  3
training finished in  10
TRAINING COMPLETE for  2  hid : seed  4
training finished in  17
TRAINING COMPLETE for  5  hid : seed  0
training finished in  21
TRAINING COMPLETE for  5  hid : seed  1
training finished in  19
TRAINING COMPLETE for  5  hid : seed  2
training finished in  27
TRAINING COMPLETE for  5  hid : seed  3
training finished in  17
TRAINING COMPLETE for  5  hid : seed  4
training finished in  24
TRAINING COMPLETE for  10  hid : seed  0
training finished in  30
TRAINING COMPLETE for  10  hid : seed  1
training finished in  22
TRAINING COMPLETE for  10  hid : seed  2
training finished in  24
TRAINING COMPLETE for  10  hid : seed  3
training finished in  94
TRAINING COMPLETE for  10  hid : seed  4
training finished in  30
TRAINING COMPLETE for  15  hid : seed  0
training finished in  109
TRAINING COMPLETE for  15  hid : seed  1
training finished in  31
TRAINING COMPLETE for  15  hid : seed  2
training finished in  42
TRAINING COMPLETE for  15  hid : seed  3
training finished in  119
TRAINING COMPLETE for  15  hid : seed  4
training finished in  45
TRAINING COMPLETE for  20  hid : seed  0
training finished in  142
TRAINING COMPLETE for  20  hid : seed  1
training finished in  48
TRAINING COMPLETE for  20  hid : seed  2
training finished in  38
TRAINING COMPLETE for  20  hid : seed  3
training finished in  112
TRAINING COMPLETE for  20  hid : seed  4
training finished in  39
TRAINING COMPLETE for  25  hid : seed  0
training finished in  152
TRAINING COMPLETE for  25  hid : seed  1
training finished in  38
TRAINING COMPLETE for  25  hid : seed  2
training finished in  57
TRAINING COMPLETE for  25  hid : seed  3
training finished in  173
TRAINING COMPLETE for  25  hid : seed  4
training finished in  126
TRAINING COMPLETE for  30  hid : seed  0
training finished in  136
TRAINING COMPLETE for  30  hid : seed  1
training finished in  75
TRAINING COMPLETE for  30  hid : seed  2
training finished in  229
TRAINING COMPLETE for  30  hid : seed  3
training finished in  146
TRAINING COMPLETE for  30  hid : seed  4
training finished in  159
TRAINING COMPLETE for  35  hid : seed  0
training finished in  146
TRAINING COMPLETE for  35  hid : seed  1
training finished in  245
TRAINING COMPLETE for  35  hid : seed  2
training finished in  174
TRAINING COMPLETE for  35  hid : seed  3
training finished in  137
TRAINING COMPLETE for  35  hid : seed  4
training finished in  130
TRAINING COMPLETE for  40  hid : seed  0
training finished in  160
TRAINING COMPLETE for  40  hid : seed  1
training finished in  223
TRAINING COMPLETE for  40  hid : seed  2
training finished in  165
TRAINING COMPLETE for  40  hid : seed  3
training finished in  180
TRAINING COMPLETE for  40  hid : seed  4
training finished in  187
TRAINING COMPLETE for  45  hid : seed  0
training finished in  229
TRAINING COMPLETE for  45  hid : seed  1
training finished in  199
TRAINING COMPLETE for  45  hid : seed  2
training finished in  255
TRAINING COMPLETE for  45  hid : seed  3
training finished in  180
TRAINING COMPLETE for  45  hid : seed  4
not enough training obs
