2020-09-20 19:27:48.943857
pretraining finished in 850 epochs
training finished in  11
TRAINING COMPLETE for  1  hid : seed  0
training finished in  12
TRAINING COMPLETE for  1  hid : seed  1
training finished in  14
TRAINING COMPLETE for  1  hid : seed  2
training finished in  12
TRAINING COMPLETE for  1  hid : seed  3
training finished in  14
TRAINING COMPLETE for  1  hid : seed  4
training finished in  10
TRAINING COMPLETE for  2  hid : seed  0
training finished in  14
TRAINING COMPLETE for  2  hid : seed  1
training finished in  9
TRAINING COMPLETE for  2  hid : seed  2
training finished in  13
TRAINING COMPLETE for  2  hid : seed  3
training finished in  13
TRAINING COMPLETE for  2  hid : seed  4
training finished in  33
TRAINING COMPLETE for  5  hid : seed  0
training finished in  31
TRAINING COMPLETE for  5  hid : seed  1
training finished in  37
TRAINING COMPLETE for  5  hid : seed  2
training finished in  19
TRAINING COMPLETE for  5  hid : seed  3
training finished in  20
TRAINING COMPLETE for  5  hid : seed  4
training finished in  36
TRAINING COMPLETE for  10  hid : seed  0
training finished in  29
TRAINING COMPLETE for  10  hid : seed  1
training finished in  105
TRAINING COMPLETE for  10  hid : seed  2
training finished in  36
TRAINING COMPLETE for  10  hid : seed  3
training finished in  24
TRAINING COMPLETE for  10  hid : seed  4
training finished in  44
TRAINING COMPLETE for  15  hid : seed  0
training finished in  36
TRAINING COMPLETE for  15  hid : seed  1
training finished in  51
TRAINING COMPLETE for  15  hid : seed  2
training finished in  49
TRAINING COMPLETE for  15  hid : seed  3
training finished in  32
TRAINING COMPLETE for  15  hid : seed  4
training finished in  55
TRAINING COMPLETE for  20  hid : seed  0
training finished in  40
TRAINING COMPLETE for  20  hid : seed  1
training finished in  86
TRAINING COMPLETE for  20  hid : seed  2
training finished in  63
TRAINING COMPLETE for  20  hid : seed  3
training finished in  36
TRAINING COMPLETE for  20  hid : seed  4
training finished in  101
TRAINING COMPLETE for  25  hid : seed  0
training finished in  43
TRAINING COMPLETE for  25  hid : seed  1
training finished in  92
TRAINING COMPLETE for  25  hid : seed  2
training finished in  95
TRAINING COMPLETE for  25  hid : seed  3
training finished in  59
TRAINING COMPLETE for  25  hid : seed  4
training finished in  106
TRAINING COMPLETE for  30  hid : seed  0
training finished in  57
TRAINING COMPLETE for  30  hid : seed  1
training finished in  90
TRAINING COMPLETE for  30  hid : seed  2
training finished in  85
TRAINING COMPLETE for  30  hid : seed  3
training finished in  56
TRAINING COMPLETE for  30  hid : seed  4
training finished in  116
TRAINING COMPLETE for  35  hid : seed  0
training finished in  83
TRAINING COMPLETE for  35  hid : seed  1
training finished in  172
TRAINING COMPLETE for  35  hid : seed  2
training finished in  108
TRAINING COMPLETE for  35  hid : seed  3
training finished in  75
TRAINING COMPLETE for  35  hid : seed  4
training finished in  128
TRAINING COMPLETE for  40  hid : seed  0
training finished in  137
TRAINING COMPLETE for  40  hid : seed  1
training finished in  67
TRAINING COMPLETE for  40  hid : seed  2
training finished in  96
TRAINING COMPLETE for  40  hid : seed  3
training finished in  110
TRAINING COMPLETE for  40  hid : seed  4
not enough training obs
