2020-09-20 19:26:52.327884
pretraining finished in 718 epochs
training finished in  21
TRAINING COMPLETE for  1  hid : seed  0
training finished in  18
TRAINING COMPLETE for  1  hid : seed  1
training finished in  9
TRAINING COMPLETE for  1  hid : seed  2
training finished in  14
TRAINING COMPLETE for  1  hid : seed  3
training finished in  11
TRAINING COMPLETE for  1  hid : seed  4
training finished in  33
TRAINING COMPLETE for  2  hid : seed  0
training finished in  19
TRAINING COMPLETE for  2  hid : seed  1
training finished in  21
TRAINING COMPLETE for  2  hid : seed  2
training finished in  16
TRAINING COMPLETE for  2  hid : seed  3
training finished in  14
TRAINING COMPLETE for  2  hid : seed  4
training finished in  31
TRAINING COMPLETE for  5  hid : seed  0
training finished in  23
TRAINING COMPLETE for  5  hid : seed  1
training finished in  11
TRAINING COMPLETE for  5  hid : seed  2
training finished in  17
TRAINING COMPLETE for  5  hid : seed  3
training finished in  12
TRAINING COMPLETE for  5  hid : seed  4
training finished in  22
TRAINING COMPLETE for  10  hid : seed  0
training finished in  24
TRAINING COMPLETE for  10  hid : seed  1
training finished in  96
TRAINING COMPLETE for  10  hid : seed  2
training finished in  22
TRAINING COMPLETE for  10  hid : seed  3
training finished in  19
TRAINING COMPLETE for  10  hid : seed  4
training finished in  34
TRAINING COMPLETE for  15  hid : seed  0
training finished in  85
TRAINING COMPLETE for  15  hid : seed  1
training finished in  89
TRAINING COMPLETE for  15  hid : seed  2
training finished in  49
TRAINING COMPLETE for  15  hid : seed  3
training finished in  29
TRAINING COMPLETE for  15  hid : seed  4
training finished in  87
TRAINING COMPLETE for  20  hid : seed  0
training finished in  99
TRAINING COMPLETE for  20  hid : seed  1
training finished in  100
TRAINING COMPLETE for  20  hid : seed  2
training finished in  39
TRAINING COMPLETE for  20  hid : seed  3
training finished in  23
TRAINING COMPLETE for  20  hid : seed  4
training finished in  92
TRAINING COMPLETE for  25  hid : seed  0
training finished in  83
TRAINING COMPLETE for  25  hid : seed  1
training finished in  80
TRAINING COMPLETE for  25  hid : seed  2
training finished in  38
TRAINING COMPLETE for  25  hid : seed  3
training finished in  34
TRAINING COMPLETE for  25  hid : seed  4
training finished in  86
TRAINING COMPLETE for  30  hid : seed  0
training finished in  75
TRAINING COMPLETE for  30  hid : seed  1
training finished in  100
TRAINING COMPLETE for  30  hid : seed  2
training finished in  89
TRAINING COMPLETE for  30  hid : seed  3
training finished in  42
TRAINING COMPLETE for  30  hid : seed  4
training finished in  84
TRAINING COMPLETE for  35  hid : seed  0
training finished in  90
TRAINING COMPLETE for  35  hid : seed  1
training finished in  101
TRAINING COMPLETE for  35  hid : seed  2
training finished in  89
TRAINING COMPLETE for  35  hid : seed  3
training finished in  34
TRAINING COMPLETE for  35  hid : seed  4
training finished in  85
TRAINING COMPLETE for  40  hid : seed  0
training finished in  97
TRAINING COMPLETE for  40  hid : seed  1
training finished in  93
TRAINING COMPLETE for  40  hid : seed  2
training finished in  92
TRAINING COMPLETE for  40  hid : seed  3
training finished in  78
TRAINING COMPLETE for  40  hid : seed  4
training finished in  77
TRAINING COMPLETE for  45  hid : seed  0
training finished in  96
TRAINING COMPLETE for  45  hid : seed  1
training finished in  85
TRAINING COMPLETE for  45  hid : seed  2
training finished in  84
TRAINING COMPLETE for  45  hid : seed  3
training finished in  73
TRAINING COMPLETE for  45  hid : seed  4
not enough training obs
