2020-09-20 19:20:00.174257
pretraining finished in 2938 epochs
training finished in  9
TRAINING COMPLETE for  1  hid : seed  0
training finished in  9
TRAINING COMPLETE for  1  hid : seed  1
training finished in  19
TRAINING COMPLETE for  1  hid : seed  2
training finished in  19
TRAINING COMPLETE for  1  hid : seed  3
training finished in  9
TRAINING COMPLETE for  1  hid : seed  4
training finished in  9
TRAINING COMPLETE for  2  hid : seed  0
training finished in  21
TRAINING COMPLETE for  2  hid : seed  1
training finished in  13
TRAINING COMPLETE for  2  hid : seed  2
training finished in  9
TRAINING COMPLETE for  2  hid : seed  3
training finished in  20
TRAINING COMPLETE for  2  hid : seed  4
training finished in  41
TRAINING COMPLETE for  5  hid : seed  0
training finished in  47
TRAINING COMPLETE for  5  hid : seed  1
training finished in  9
TRAINING COMPLETE for  5  hid : seed  2
training finished in  20
TRAINING COMPLETE for  5  hid : seed  3
training finished in  33
TRAINING COMPLETE for  5  hid : seed  4
training finished in  26
TRAINING COMPLETE for  10  hid : seed  0
training finished in  29
TRAINING COMPLETE for  10  hid : seed  1
training finished in  10
TRAINING COMPLETE for  10  hid : seed  2
training finished in  13
TRAINING COMPLETE for  10  hid : seed  3
training finished in  21
TRAINING COMPLETE for  10  hid : seed  4
training finished in  44
TRAINING COMPLETE for  15  hid : seed  0
training finished in  29
TRAINING COMPLETE for  15  hid : seed  1
training finished in  24
TRAINING COMPLETE for  15  hid : seed  2
training finished in  20
TRAINING COMPLETE for  15  hid : seed  3
training finished in  32
TRAINING COMPLETE for  15  hid : seed  4
training finished in  58
TRAINING COMPLETE for  20  hid : seed  0
training finished in  45
TRAINING COMPLETE for  20  hid : seed  1
training finished in  29
TRAINING COMPLETE for  20  hid : seed  2
training finished in  36
TRAINING COMPLETE for  20  hid : seed  3
training finished in  33
TRAINING COMPLETE for  20  hid : seed  4
training finished in  42
TRAINING COMPLETE for  25  hid : seed  0
training finished in  97
TRAINING COMPLETE for  25  hid : seed  1
training finished in  58
TRAINING COMPLETE for  25  hid : seed  2
training finished in  44
TRAINING COMPLETE for  25  hid : seed  3
training finished in  44
TRAINING COMPLETE for  25  hid : seed  4
training finished in  54
TRAINING COMPLETE for  30  hid : seed  0
training finished in  110
TRAINING COMPLETE for  30  hid : seed  1
training finished in  67
TRAINING COMPLETE for  30  hid : seed  2
training finished in  60
TRAINING COMPLETE for  30  hid : seed  3
training finished in  67
TRAINING COMPLETE for  30  hid : seed  4
training finished in  81
TRAINING COMPLETE for  35  hid : seed  0
training finished in  198
TRAINING COMPLETE for  35  hid : seed  1
training finished in  102
TRAINING COMPLETE for  35  hid : seed  2
training finished in  83
TRAINING COMPLETE for  35  hid : seed  3
training finished in  86
TRAINING COMPLETE for  35  hid : seed  4
training finished in  102
TRAINING COMPLETE for  40  hid : seed  0
training finished in  109
TRAINING COMPLETE for  40  hid : seed  1
training finished in  81
TRAINING COMPLETE for  40  hid : seed  2
training finished in  92
TRAINING COMPLETE for  40  hid : seed  3
training finished in  85
TRAINING COMPLETE for  40  hid : seed  4
not enough training obs
