2020-09-20 19:51:16.146837
pretraining finished in 750 epochs
training finished in  70
TRAINING COMPLETE for  1  hid : seed  0
training finished in  18
TRAINING COMPLETE for  1  hid : seed  1
training finished in  46
TRAINING COMPLETE for  1  hid : seed  2
training finished in  9
TRAINING COMPLETE for  1  hid : seed  3
training finished in  69
TRAINING COMPLETE for  1  hid : seed  4
training finished in  82
TRAINING COMPLETE for  2  hid : seed  0
training finished in  23
TRAINING COMPLETE for  2  hid : seed  1
training finished in  46
TRAINING COMPLETE for  2  hid : seed  2
training finished in  9
TRAINING COMPLETE for  2  hid : seed  3
training finished in  116
TRAINING COMPLETE for  2  hid : seed  4
training finished in  26
TRAINING COMPLETE for  5  hid : seed  0
training finished in  58
TRAINING COMPLETE for  5  hid : seed  1
training finished in  55
TRAINING COMPLETE for  5  hid : seed  2
training finished in  9
TRAINING COMPLETE for  5  hid : seed  3
training finished in  10
TRAINING COMPLETE for  5  hid : seed  4
training finished in  58
TRAINING COMPLETE for  10  hid : seed  0
training finished in  192
TRAINING COMPLETE for  10  hid : seed  1
training finished in  49
TRAINING COMPLETE for  10  hid : seed  2
training finished in  63
TRAINING COMPLETE for  10  hid : seed  3
training finished in  59
TRAINING COMPLETE for  10  hid : seed  4
training finished in  88
TRAINING COMPLETE for  15  hid : seed  0
training finished in  200
TRAINING COMPLETE for  15  hid : seed  1
training finished in  57
TRAINING COMPLETE for  15  hid : seed  2
training finished in  44
TRAINING COMPLETE for  15  hid : seed  3
training finished in  60
TRAINING COMPLETE for  15  hid : seed  4
training finished in  65
TRAINING COMPLETE for  20  hid : seed  0
training finished in  165
TRAINING COMPLETE for  20  hid : seed  1
training finished in  74
TRAINING COMPLETE for  20  hid : seed  2
training finished in  80
TRAINING COMPLETE for  20  hid : seed  3
training finished in  73
TRAINING COMPLETE for  20  hid : seed  4
training finished in  144
TRAINING COMPLETE for  25  hid : seed  0
training finished in  130
TRAINING COMPLETE for  25  hid : seed  1
training finished in  15
TRAINING COMPLETE for  25  hid : seed  2
training finished in  44
TRAINING COMPLETE for  25  hid : seed  3
training finished in  77
TRAINING COMPLETE for  25  hid : seed  4
training finished in  132
TRAINING COMPLETE for  30  hid : seed  0
training finished in  134
TRAINING COMPLETE for  30  hid : seed  1
training finished in  128
TRAINING COMPLETE for  30  hid : seed  2
training finished in  184
TRAINING COMPLETE for  30  hid : seed  3
training finished in  18
TRAINING COMPLETE for  30  hid : seed  4
not enough training obs
