2020-09-20 18:23:33.636427
pretraining finished in 1120 epochs
training finished in  9
TRAINING COMPLETE for  1  hid : seed  0
training finished in  9
TRAINING COMPLETE for  1  hid : seed  1
training finished in  28
TRAINING COMPLETE for  1  hid : seed  2
training finished in  9
TRAINING COMPLETE for  1  hid : seed  3
training finished in  9
TRAINING COMPLETE for  1  hid : seed  4
training finished in  9
TRAINING COMPLETE for  2  hid : seed  0
training finished in  9
TRAINING COMPLETE for  2  hid : seed  1
training finished in  19
TRAINING COMPLETE for  2  hid : seed  2
training finished in  9
TRAINING COMPLETE for  2  hid : seed  3
training finished in  14
TRAINING COMPLETE for  2  hid : seed  4
training finished in  9
TRAINING COMPLETE for  5  hid : seed  0
training finished in  10
TRAINING COMPLETE for  5  hid : seed  1
training finished in  17
TRAINING COMPLETE for  5  hid : seed  2
training finished in  28
TRAINING COMPLETE for  5  hid : seed  3
training finished in  17
TRAINING COMPLETE for  5  hid : seed  4
training finished in  38
TRAINING COMPLETE for  10  hid : seed  0
training finished in  12
TRAINING COMPLETE for  10  hid : seed  1
training finished in  46
TRAINING COMPLETE for  10  hid : seed  2
training finished in  21
TRAINING COMPLETE for  10  hid : seed  3
training finished in  20
TRAINING COMPLETE for  10  hid : seed  4
training finished in  34
TRAINING COMPLETE for  15  hid : seed  0
training finished in  10
TRAINING COMPLETE for  15  hid : seed  1
training finished in  31
TRAINING COMPLETE for  15  hid : seed  2
training finished in  25
TRAINING COMPLETE for  15  hid : seed  3
training finished in  44
TRAINING COMPLETE for  15  hid : seed  4
training finished in  23
TRAINING COMPLETE for  20  hid : seed  0
training finished in  9
TRAINING COMPLETE for  20  hid : seed  1
training finished in  37
TRAINING COMPLETE for  20  hid : seed  2
training finished in  103
TRAINING COMPLETE for  20  hid : seed  3
training finished in  22
TRAINING COMPLETE for  20  hid : seed  4
training finished in  159
TRAINING COMPLETE for  25  hid : seed  0
training finished in  22
TRAINING COMPLETE for  25  hid : seed  1
training finished in  32
TRAINING COMPLETE for  25  hid : seed  2
training finished in  213
TRAINING COMPLETE for  25  hid : seed  3
training finished in  26
TRAINING COMPLETE for  25  hid : seed  4
training finished in  65
TRAINING COMPLETE for  30  hid : seed  0
training finished in  30
TRAINING COMPLETE for  30  hid : seed  1
training finished in  23
TRAINING COMPLETE for  30  hid : seed  2
training finished in  42
TRAINING COMPLETE for  30  hid : seed  3
training finished in  106
TRAINING COMPLETE for  30  hid : seed  4
training finished in  49
TRAINING COMPLETE for  35  hid : seed  0
training finished in  36
TRAINING COMPLETE for  35  hid : seed  1
training finished in  26
TRAINING COMPLETE for  35  hid : seed  2
training finished in  49
TRAINING COMPLETE for  35  hid : seed  3
training finished in  58
TRAINING COMPLETE for  35  hid : seed  4
training finished in  67
TRAINING COMPLETE for  40  hid : seed  0
training finished in  38
TRAINING COMPLETE for  40  hid : seed  1
training finished in  47
TRAINING COMPLETE for  40  hid : seed  2
training finished in  128
TRAINING COMPLETE for  40  hid : seed  3
training finished in  108
TRAINING COMPLETE for  40  hid : seed  4
training finished in  97
TRAINING COMPLETE for  45  hid : seed  0
training finished in  50
TRAINING COMPLETE for  45  hid : seed  1
training finished in  58
TRAINING COMPLETE for  45  hid : seed  2
training finished in  70
TRAINING COMPLETE for  45  hid : seed  3
training finished in  90
TRAINING COMPLETE for  45  hid : seed  4
not enough training obs
2020-09-20 18:54:20.012439
pretraining finished in 883 epochs
training finished in  9
TRAINING COMPLETE for  1  hid : seed  0
training finished in  9
TRAINING COMPLETE for  1  hid : seed  1
training finished in  39
TRAINING COMPLETE for  1  hid : seed  2
training finished in  9
TRAINING COMPLETE for  1  hid : seed  3
training finished in  11
TRAINING COMPLETE for  1  hid : seed  4
training finished in  10
TRAINING COMPLETE for  2  hid : seed  0
training finished in  9
TRAINING COMPLETE for  2  hid : seed  1
training finished in  11
TRAINING COMPLETE for  2  hid : seed  2
training finished in  10
TRAINING COMPLETE for  2  hid : seed  3
training finished in  17
TRAINING COMPLETE for  2  hid : seed  4
training finished in  15
TRAINING COMPLETE for  5  hid : seed  0
training finished in  10
TRAINING COMPLETE for  5  hid : seed  1
training finished in  23
TRAINING COMPLETE for  5  hid : seed  2
training finished in  11
TRAINING COMPLETE for  5  hid : seed  3
training finished in  14
TRAINING COMPLETE for  5  hid : seed  4
training finished in  18
TRAINING COMPLETE for  10  hid : seed  0
training finished in  9
TRAINING COMPLETE for  10  hid : seed  1
training finished in  38
TRAINING COMPLETE for  10  hid : seed  2
training finished in  9
TRAINING COMPLETE for  10  hid : seed  3
training finished in  23
TRAINING COMPLETE for  10  hid : seed  4
training finished in  22
TRAINING COMPLETE for  15  hid : seed  0
training finished in  9
TRAINING COMPLETE for  15  hid : seed  1
training finished in  55
TRAINING COMPLETE for  15  hid : seed  2
training finished in  12
TRAINING COMPLETE for  15  hid : seed  3
training finished in  27
TRAINING COMPLETE for  15  hid : seed  4
training finished in  23
TRAINING COMPLETE for  20  hid : seed  0
training finished in  9
TRAINING COMPLETE for  20  hid : seed  1
training finished in  24
TRAINING COMPLETE for  20  hid : seed  2
training finished in  36
TRAINING COMPLETE for  20  hid : seed  3
training finished in  36
TRAINING COMPLETE for  20  hid : seed  4
training finished in  134
TRAINING COMPLETE for  25  hid : seed  0
training finished in  12
TRAINING COMPLETE for  25  hid : seed  1
training finished in  30
TRAINING COMPLETE for  25  hid : seed  2
training finished in  60
TRAINING COMPLETE for  25  hid : seed  3
training finished in  42
TRAINING COMPLETE for  25  hid : seed  4
training finished in  103
TRAINING COMPLETE for  30  hid : seed  0
training finished in  22
TRAINING COMPLETE for  30  hid : seed  1
training finished in  25
TRAINING COMPLETE for  30  hid : seed  2
training finished in  24
TRAINING COMPLETE for  30  hid : seed  3
training finished in  67
TRAINING COMPLETE for  30  hid : seed  4
training finished in  38
TRAINING COMPLETE for  35  hid : seed  0
training finished in  79
TRAINING COMPLETE for  35  hid : seed  1
training finished in  19
TRAINING COMPLETE for  35  hid : seed  2
training finished in  21
TRAINING COMPLETE for  35  hid : seed  3
training finished in  46
TRAINING COMPLETE for  35  hid : seed  4
training finished in  59
TRAINING COMPLETE for  40  hid : seed  0
training finished in  37
TRAINING COMPLETE for  40  hid : seed  1
training finished in  32
TRAINING COMPLETE for  40  hid : seed  2
training finished in  40
TRAINING COMPLETE for  40  hid : seed  3
training finished in  114
TRAINING COMPLETE for  40  hid : seed  4
training finished in  79
TRAINING COMPLETE for  45  hid : seed  0
training finished in  33
TRAINING COMPLETE for  45  hid : seed  1
training finished in  41
TRAINING COMPLETE for  45  hid : seed  2
training finished in  154
TRAINING COMPLETE for  45  hid : seed  3
training finished in  95
TRAINING COMPLETE for  45  hid : seed  4
not enough training obs
