2020-09-20 20:39:03.300156
pretraining finished in 826 epochs
training finished in  17
TRAINING COMPLETE for  1  hid : seed  0
training finished in  9
TRAINING COMPLETE for  1  hid : seed  1
training finished in  12
TRAINING COMPLETE for  1  hid : seed  2
training finished in  14
TRAINING COMPLETE for  1  hid : seed  3
training finished in  17
TRAINING COMPLETE for  1  hid : seed  4
training finished in  11
TRAINING COMPLETE for  2  hid : seed  0
training finished in  9
TRAINING COMPLETE for  2  hid : seed  1
training finished in  10
TRAINING COMPLETE for  2  hid : seed  2
training finished in  11
TRAINING COMPLETE for  2  hid : seed  3
training finished in  19
TRAINING COMPLETE for  2  hid : seed  4
training finished in  15
TRAINING COMPLETE for  5  hid : seed  0
training finished in  9
TRAINING COMPLETE for  5  hid : seed  1
training finished in  21
TRAINING COMPLETE for  5  hid : seed  2
training finished in  14
TRAINING COMPLETE for  5  hid : seed  3
training finished in  15
TRAINING COMPLETE for  5  hid : seed  4
training finished in  26
TRAINING COMPLETE for  10  hid : seed  0
training finished in  24
TRAINING COMPLETE for  10  hid : seed  1
training finished in  30
TRAINING COMPLETE for  10  hid : seed  2
training finished in  21
TRAINING COMPLETE for  10  hid : seed  3
training finished in  29
TRAINING COMPLETE for  10  hid : seed  4
training finished in  33
TRAINING COMPLETE for  15  hid : seed  0
training finished in  37
TRAINING COMPLETE for  15  hid : seed  1
training finished in  44
TRAINING COMPLETE for  15  hid : seed  2
training finished in  33
TRAINING COMPLETE for  15  hid : seed  3
training finished in  48
TRAINING COMPLETE for  15  hid : seed  4
training finished in  48
TRAINING COMPLETE for  20  hid : seed  0
training finished in  67
TRAINING COMPLETE for  20  hid : seed  1
training finished in  60
TRAINING COMPLETE for  20  hid : seed  2
training finished in  39
TRAINING COMPLETE for  20  hid : seed  3
training finished in  59
TRAINING COMPLETE for  20  hid : seed  4
training finished in  63
TRAINING COMPLETE for  25  hid : seed  0
training finished in  89
TRAINING COMPLETE for  25  hid : seed  1
training finished in  73
TRAINING COMPLETE for  25  hid : seed  2
training finished in  45
TRAINING COMPLETE for  25  hid : seed  3
training finished in  56
TRAINING COMPLETE for  25  hid : seed  4
training finished in  98
TRAINING COMPLETE for  30  hid : seed  0
training finished in  133
TRAINING COMPLETE for  30  hid : seed  1
training finished in  102
TRAINING COMPLETE for  30  hid : seed  2
training finished in  66
TRAINING COMPLETE for  30  hid : seed  3
training finished in  74
TRAINING COMPLETE for  30  hid : seed  4
training finished in  138
TRAINING COMPLETE for  35  hid : seed  0
training finished in  118
TRAINING COMPLETE for  35  hid : seed  1
training finished in  126
TRAINING COMPLETE for  35  hid : seed  2
training finished in  79
TRAINING COMPLETE for  35  hid : seed  3
training finished in  103
TRAINING COMPLETE for  35  hid : seed  4
not enough training obs
