2020-09-20 20:40:49.726169
pretraining finished in 1221 epochs
training finished in  14
TRAINING COMPLETE for  1  hid : seed  0
training finished in  16
TRAINING COMPLETE for  1  hid : seed  1
training finished in  16
TRAINING COMPLETE for  1  hid : seed  2
training finished in  23
TRAINING COMPLETE for  1  hid : seed  3
training finished in  14
TRAINING COMPLETE for  1  hid : seed  4
training finished in  10
TRAINING COMPLETE for  2  hid : seed  0
training finished in  14
TRAINING COMPLETE for  2  hid : seed  1
training finished in  13
TRAINING COMPLETE for  2  hid : seed  2
training finished in  24
TRAINING COMPLETE for  2  hid : seed  3
training finished in  20
TRAINING COMPLETE for  2  hid : seed  4
training finished in  22
TRAINING COMPLETE for  5  hid : seed  0
training finished in  16
TRAINING COMPLETE for  5  hid : seed  1
training finished in  24
TRAINING COMPLETE for  5  hid : seed  2
training finished in  34
TRAINING COMPLETE for  5  hid : seed  3
training finished in  26
TRAINING COMPLETE for  5  hid : seed  4
training finished in  34
TRAINING COMPLETE for  10  hid : seed  0
training finished in  18
TRAINING COMPLETE for  10  hid : seed  1
training finished in  22
TRAINING COMPLETE for  10  hid : seed  2
training finished in  35
TRAINING COMPLETE for  10  hid : seed  3
training finished in  42
TRAINING COMPLETE for  10  hid : seed  4
training finished in  41
TRAINING COMPLETE for  15  hid : seed  0
training finished in  25
TRAINING COMPLETE for  15  hid : seed  1
training finished in  45
TRAINING COMPLETE for  15  hid : seed  2
training finished in  49
TRAINING COMPLETE for  15  hid : seed  3
training finished in  47
TRAINING COMPLETE for  15  hid : seed  4
training finished in  51
TRAINING COMPLETE for  20  hid : seed  0
training finished in  46
TRAINING COMPLETE for  20  hid : seed  1
training finished in  61
TRAINING COMPLETE for  20  hid : seed  2
training finished in  39
TRAINING COMPLETE for  20  hid : seed  3
training finished in  42
TRAINING COMPLETE for  20  hid : seed  4
training finished in  62
TRAINING COMPLETE for  25  hid : seed  0
training finished in  56
TRAINING COMPLETE for  25  hid : seed  1
training finished in  50
TRAINING COMPLETE for  25  hid : seed  2
training finished in  62
TRAINING COMPLETE for  25  hid : seed  3
training finished in  49
TRAINING COMPLETE for  25  hid : seed  4
training finished in  53
TRAINING COMPLETE for  30  hid : seed  0
training finished in  74
TRAINING COMPLETE for  30  hid : seed  1
training finished in  70
TRAINING COMPLETE for  30  hid : seed  2
training finished in  55
TRAINING COMPLETE for  30  hid : seed  3
training finished in  64
TRAINING COMPLETE for  30  hid : seed  4
training finished in  71
TRAINING COMPLETE for  35  hid : seed  0
training finished in  52
TRAINING COMPLETE for  35  hid : seed  1
training finished in  49
TRAINING COMPLETE for  35  hid : seed  2
training finished in  68
TRAINING COMPLETE for  35  hid : seed  3
training finished in  71
TRAINING COMPLETE for  35  hid : seed  4
not enough training obs
