2020-09-20 20:37:40.718134
pretraining finished in 535 epochs
training finished in  9
TRAINING COMPLETE for  1  hid : seed  0
training finished in  9
TRAINING COMPLETE for  1  hid : seed  1
training finished in  19
TRAINING COMPLETE for  1  hid : seed  2
training finished in  9
TRAINING COMPLETE for  1  hid : seed  3
training finished in  11
TRAINING COMPLETE for  1  hid : seed  4
training finished in  23
TRAINING COMPLETE for  2  hid : seed  0
training finished in  26
TRAINING COMPLETE for  2  hid : seed  1
training finished in  14
TRAINING COMPLETE for  2  hid : seed  2
training finished in  23
TRAINING COMPLETE for  2  hid : seed  3
training finished in  9
TRAINING COMPLETE for  2  hid : seed  4
training finished in  17
TRAINING COMPLETE for  5  hid : seed  0
training finished in  18
TRAINING COMPLETE for  5  hid : seed  1
training finished in  35
TRAINING COMPLETE for  5  hid : seed  2
training finished in  43
TRAINING COMPLETE for  5  hid : seed  3
training finished in  24
TRAINING COMPLETE for  5  hid : seed  4
training finished in  41
TRAINING COMPLETE for  10  hid : seed  0
training finished in  26
TRAINING COMPLETE for  10  hid : seed  1
training finished in  16
TRAINING COMPLETE for  10  hid : seed  2
training finished in  45
TRAINING COMPLETE for  10  hid : seed  3
training finished in  23
TRAINING COMPLETE for  10  hid : seed  4
training finished in  35
TRAINING COMPLETE for  15  hid : seed  0
training finished in  41
TRAINING COMPLETE for  15  hid : seed  1
training finished in  32
TRAINING COMPLETE for  15  hid : seed  2
training finished in  35
TRAINING COMPLETE for  15  hid : seed  3
training finished in  20
TRAINING COMPLETE for  15  hid : seed  4
training finished in  45
TRAINING COMPLETE for  20  hid : seed  0
training finished in  37
TRAINING COMPLETE for  20  hid : seed  1
training finished in  23
TRAINING COMPLETE for  20  hid : seed  2
training finished in  28
TRAINING COMPLETE for  20  hid : seed  3
training finished in  16
TRAINING COMPLETE for  20  hid : seed  4
training finished in  37
TRAINING COMPLETE for  25  hid : seed  0
training finished in  25
TRAINING COMPLETE for  25  hid : seed  1
training finished in  33
TRAINING COMPLETE for  25  hid : seed  2
training finished in  31
TRAINING COMPLETE for  25  hid : seed  3
training finished in  31
TRAINING COMPLETE for  25  hid : seed  4
training finished in  47
TRAINING COMPLETE for  30  hid : seed  0
training finished in  22
TRAINING COMPLETE for  30  hid : seed  1
training finished in  21
TRAINING COMPLETE for  30  hid : seed  2
training finished in  19
TRAINING COMPLETE for  30  hid : seed  3
training finished in  18
TRAINING COMPLETE for  30  hid : seed  4
training finished in  31
TRAINING COMPLETE for  35  hid : seed  0
training finished in  27
TRAINING COMPLETE for  35  hid : seed  1
training finished in  33
TRAINING COMPLETE for  35  hid : seed  2
training finished in  41
TRAINING COMPLETE for  35  hid : seed  3
training finished in  24
TRAINING COMPLETE for  35  hid : seed  4
not enough training obs
