2020-09-20 20:14:33.591518
pretraining finished in 2449 epochs
training finished in  13
TRAINING COMPLETE for  1  hid : seed  0
training finished in  9
TRAINING COMPLETE for  1  hid : seed  1
training finished in  12
TRAINING COMPLETE for  1  hid : seed  2
training finished in  10
TRAINING COMPLETE for  1  hid : seed  3
training finished in  10
TRAINING COMPLETE for  1  hid : seed  4
training finished in  13
TRAINING COMPLETE for  2  hid : seed  0
training finished in  15
TRAINING COMPLETE for  2  hid : seed  1
training finished in  15
TRAINING COMPLETE for  2  hid : seed  2
training finished in  10
TRAINING COMPLETE for  2  hid : seed  3
training finished in  10
TRAINING COMPLETE for  2  hid : seed  4
training finished in  80
TRAINING COMPLETE for  5  hid : seed  0
training finished in  92
TRAINING COMPLETE for  5  hid : seed  1
training finished in  15
TRAINING COMPLETE for  5  hid : seed  2
training finished in  9
TRAINING COMPLETE for  5  hid : seed  3
training finished in  103
TRAINING COMPLETE for  5  hid : seed  4
training finished in  61
TRAINING COMPLETE for  10  hid : seed  0
training finished in  60
TRAINING COMPLETE for  10  hid : seed  1
training finished in  17
TRAINING COMPLETE for  10  hid : seed  2
training finished in  96
TRAINING COMPLETE for  10  hid : seed  3
training finished in  103
TRAINING COMPLETE for  10  hid : seed  4
training finished in  67
TRAINING COMPLETE for  15  hid : seed  0
training finished in  49
TRAINING COMPLETE for  15  hid : seed  1
training finished in  12
TRAINING COMPLETE for  15  hid : seed  2
training finished in  75
TRAINING COMPLETE for  15  hid : seed  3
training finished in  111
TRAINING COMPLETE for  15  hid : seed  4
training finished in  59
TRAINING COMPLETE for  20  hid : seed  0
training finished in  70
TRAINING COMPLETE for  20  hid : seed  1
training finished in  18
TRAINING COMPLETE for  20  hid : seed  2
training finished in  82
TRAINING COMPLETE for  20  hid : seed  3
training finished in  106
TRAINING COMPLETE for  20  hid : seed  4
training finished in  65
TRAINING COMPLETE for  25  hid : seed  0
training finished in  74
TRAINING COMPLETE for  25  hid : seed  1
training finished in  13
TRAINING COMPLETE for  25  hid : seed  2
training finished in  76
TRAINING COMPLETE for  25  hid : seed  3
training finished in  101
TRAINING COMPLETE for  25  hid : seed  4
training finished in  98
TRAINING COMPLETE for  30  hid : seed  0
training finished in  106
TRAINING COMPLETE for  30  hid : seed  1
training finished in  19
TRAINING COMPLETE for  30  hid : seed  2
training finished in  61
TRAINING COMPLETE for  30  hid : seed  3
training finished in  83
TRAINING COMPLETE for  30  hid : seed  4
training finished in  86
TRAINING COMPLETE for  35  hid : seed  0
training finished in  87
TRAINING COMPLETE for  35  hid : seed  1
training finished in  21
TRAINING COMPLETE for  35  hid : seed  2
training finished in  68
TRAINING COMPLETE for  35  hid : seed  3
training finished in  88
TRAINING COMPLETE for  35  hid : seed  4
not enough training obs
