2020-09-20 20:14:09.370112
pretraining finished in 1917 epochs
training finished in  54
TRAINING COMPLETE for  1  hid : seed  0
training finished in  9
TRAINING COMPLETE for  1  hid : seed  1
training finished in  12
TRAINING COMPLETE for  1  hid : seed  2
training finished in  9
TRAINING COMPLETE for  1  hid : seed  3
training finished in  9
TRAINING COMPLETE for  1  hid : seed  4
training finished in  15
TRAINING COMPLETE for  2  hid : seed  0
training finished in  10
TRAINING COMPLETE for  2  hid : seed  1
training finished in  15
TRAINING COMPLETE for  2  hid : seed  2
training finished in  10
TRAINING COMPLETE for  2  hid : seed  3
training finished in  34
TRAINING COMPLETE for  2  hid : seed  4
training finished in  68
TRAINING COMPLETE for  5  hid : seed  0
training finished in  13
TRAINING COMPLETE for  5  hid : seed  1
training finished in  29
TRAINING COMPLETE for  5  hid : seed  2
training finished in  9
TRAINING COMPLETE for  5  hid : seed  3
training finished in  16
TRAINING COMPLETE for  5  hid : seed  4
training finished in  76
TRAINING COMPLETE for  10  hid : seed  0
training finished in  14
TRAINING COMPLETE for  10  hid : seed  1
training finished in  65
TRAINING COMPLETE for  10  hid : seed  2
training finished in  70
TRAINING COMPLETE for  10  hid : seed  3
training finished in  19
TRAINING COMPLETE for  10  hid : seed  4
training finished in  102
TRAINING COMPLETE for  15  hid : seed  0
training finished in  21
TRAINING COMPLETE for  15  hid : seed  1
training finished in  71
TRAINING COMPLETE for  15  hid : seed  2
training finished in  107
TRAINING COMPLETE for  15  hid : seed  3
training finished in  101
TRAINING COMPLETE for  15  hid : seed  4
training finished in  145
TRAINING COMPLETE for  20  hid : seed  0
training finished in  43
TRAINING COMPLETE for  20  hid : seed  1
training finished in  92
TRAINING COMPLETE for  20  hid : seed  2
training finished in  98
TRAINING COMPLETE for  20  hid : seed  3
training finished in  120
TRAINING COMPLETE for  20  hid : seed  4
training finished in  127
TRAINING COMPLETE for  25  hid : seed  0
training finished in  117
TRAINING COMPLETE for  25  hid : seed  1
training finished in  109
TRAINING COMPLETE for  25  hid : seed  2
training finished in  118
TRAINING COMPLETE for  25  hid : seed  3
training finished in  134
TRAINING COMPLETE for  25  hid : seed  4
training finished in  131
TRAINING COMPLETE for  30  hid : seed  0
training finished in  119
TRAINING COMPLETE for  30  hid : seed  1
training finished in  99
TRAINING COMPLETE for  30  hid : seed  2
training finished in  119
TRAINING COMPLETE for  30  hid : seed  3
training finished in  145
TRAINING COMPLETE for  30  hid : seed  4
training finished in  143
TRAINING COMPLETE for  35  hid : seed  0
training finished in  117
TRAINING COMPLETE for  35  hid : seed  1
training finished in  122
TRAINING COMPLETE for  35  hid : seed  2
training finished in  140
TRAINING COMPLETE for  35  hid : seed  3
training finished in  138
TRAINING COMPLETE for  35  hid : seed  4
training finished in  159
TRAINING COMPLETE for  40  hid : seed  0
training finished in  120
TRAINING COMPLETE for  40  hid : seed  1
training finished in  140
TRAINING COMPLETE for  40  hid : seed  2
training finished in  145
TRAINING COMPLETE for  40  hid : seed  3
training finished in  141
TRAINING COMPLETE for  40  hid : seed  4
training finished in  147
TRAINING COMPLETE for  45  hid : seed  0
training finished in  157
TRAINING COMPLETE for  45  hid : seed  1
training finished in  162
TRAINING COMPLETE for  45  hid : seed  2
training finished in  162
TRAINING COMPLETE for  45  hid : seed  3
training finished in  158
TRAINING COMPLETE for  45  hid : seed  4
not enough training obs
