2020-09-20 20:13:40.697350
pretraining finished in 1131 epochs
training finished in  9
TRAINING COMPLETE for  1  hid : seed  0
training finished in  30
TRAINING COMPLETE for  1  hid : seed  1
training finished in  9
TRAINING COMPLETE for  1  hid : seed  2
training finished in  58
TRAINING COMPLETE for  1  hid : seed  3
training finished in  10
TRAINING COMPLETE for  1  hid : seed  4
training finished in  9
TRAINING COMPLETE for  2  hid : seed  0
training finished in  28
TRAINING COMPLETE for  2  hid : seed  1
training finished in  10
TRAINING COMPLETE for  2  hid : seed  2
training finished in  86
TRAINING COMPLETE for  2  hid : seed  3
training finished in  9
TRAINING COMPLETE for  2  hid : seed  4
training finished in  12
TRAINING COMPLETE for  5  hid : seed  0
training finished in  71
TRAINING COMPLETE for  5  hid : seed  1
training finished in  65
TRAINING COMPLETE for  5  hid : seed  2
training finished in  81
TRAINING COMPLETE for  5  hid : seed  3
training finished in  11
TRAINING COMPLETE for  5  hid : seed  4
training finished in  100
TRAINING COMPLETE for  10  hid : seed  0
training finished in  78
TRAINING COMPLETE for  10  hid : seed  1
training finished in  60
TRAINING COMPLETE for  10  hid : seed  2
training finished in  101
TRAINING COMPLETE for  10  hid : seed  3
training finished in  23
TRAINING COMPLETE for  10  hid : seed  4
training finished in  155
TRAINING COMPLETE for  15  hid : seed  0
training finished in  109
TRAINING COMPLETE for  15  hid : seed  1
training finished in  85
TRAINING COMPLETE for  15  hid : seed  2
training finished in  86
TRAINING COMPLETE for  15  hid : seed  3
training finished in  71
TRAINING COMPLETE for  15  hid : seed  4
training finished in  82
TRAINING COMPLETE for  20  hid : seed  0
training finished in  171
TRAINING COMPLETE for  20  hid : seed  1
training finished in  148
TRAINING COMPLETE for  20  hid : seed  2
training finished in  419
TRAINING COMPLETE for  20  hid : seed  3
training finished in  252
TRAINING COMPLETE for  20  hid : seed  4
training finished in  103
TRAINING COMPLETE for  25  hid : seed  0
training finished in  185
TRAINING COMPLETE for  25  hid : seed  1
training finished in  138
TRAINING COMPLETE for  25  hid : seed  2
training finished in  336
TRAINING COMPLETE for  25  hid : seed  3
training finished in  543
TRAINING COMPLETE for  25  hid : seed  4
training finished in  391
TRAINING COMPLETE for  30  hid : seed  0
training finished in  179
TRAINING COMPLETE for  30  hid : seed  1
training finished in  140
TRAINING COMPLETE for  30  hid : seed  2
training finished in  611
TRAINING COMPLETE for  30  hid : seed  3
training finished in  618
TRAINING COMPLETE for  30  hid : seed  4
training finished in  620
TRAINING COMPLETE for  35  hid : seed  0
training finished in  208
TRAINING COMPLETE for  35  hid : seed  1
training finished in  175
TRAINING COMPLETE for  35  hid : seed  2
training finished in  603
TRAINING COMPLETE for  35  hid : seed  3
training finished in  700
TRAINING COMPLETE for  35  hid : seed  4
training finished in  601
TRAINING COMPLETE for  40  hid : seed  0
training finished in  541
TRAINING COMPLETE for  40  hid : seed  1
training finished in  563
TRAINING COMPLETE for  40  hid : seed  2
training finished in  540
TRAINING COMPLETE for  40  hid : seed  3
training finished in  473
TRAINING COMPLETE for  40  hid : seed  4
not enough training obs
