2020-09-20 20:15:28.814964
pretraining finished in 2902 epochs
training finished in  1679
TRAINING COMPLETE for  1  hid : seed  0
training finished in  64
TRAINING COMPLETE for  1  hid : seed  1
training finished in  187
TRAINING COMPLETE for  1  hid : seed  2
training finished in  536
TRAINING COMPLETE for  1  hid : seed  3
training finished in  1840
TRAINING COMPLETE for  1  hid : seed  4
training finished in  1690
TRAINING COMPLETE for  2  hid : seed  0
training finished in  31
TRAINING COMPLETE for  2  hid : seed  1
training finished in  26
TRAINING COMPLETE for  2  hid : seed  2
training finished in  514
TRAINING COMPLETE for  2  hid : seed  3
training finished in  3609
TRAINING COMPLETE for  2  hid : seed  4
training finished in  1903
TRAINING COMPLETE for  5  hid : seed  0
training finished in  1026
TRAINING COMPLETE for  5  hid : seed  1
training finished in  234
TRAINING COMPLETE for  5  hid : seed  2
training finished in  3185
TRAINING COMPLETE for  5  hid : seed  3
training finished in  6699
TRAINING COMPLETE for  5  hid : seed  4
training finished in  5627
TRAINING COMPLETE for  10  hid : seed  0
training finished in  7495
TRAINING COMPLETE for  10  hid : seed  1
training finished in  1017
TRAINING COMPLETE for  10  hid : seed  2
training finished in  6761
TRAINING COMPLETE for  10  hid : seed  3
TRAINING COMPLETE for  10  hid : seed  4
training finished in  5712
TRAINING COMPLETE for  15  hid : seed  0
training finished in  8077
TRAINING COMPLETE for  15  hid : seed  1
training finished in  3579
TRAINING COMPLETE for  15  hid : seed  2
training finished in  4644
TRAINING COMPLETE for  15  hid : seed  3
TRAINING COMPLETE for  15  hid : seed  4
TRAINING COMPLETE for  20  hid : seed  0
training finished in  7215
TRAINING COMPLETE for  20  hid : seed  1
training finished in  6588
TRAINING COMPLETE for  20  hid : seed  2
TRAINING COMPLETE for  20  hid : seed  3
TRAINING COMPLETE for  20  hid : seed  4
TRAINING COMPLETE for  25  hid : seed  0
TRAINING COMPLETE for  25  hid : seed  1
TRAINING COMPLETE for  25  hid : seed  2
TRAINING COMPLETE for  25  hid : seed  3
TRAINING COMPLETE for  25  hid : seed  4
TRAINING COMPLETE for  30  hid : seed  0
TRAINING COMPLETE for  30  hid : seed  1
training finished in  9617
TRAINING COMPLETE for  30  hid : seed  2
TRAINING COMPLETE for  30  hid : seed  3
TRAINING COMPLETE for  30  hid : seed  4
TRAINING COMPLETE for  35  hid : seed  0
TRAINING COMPLETE for  35  hid : seed  1
training finished in  9392
TRAINING COMPLETE for  35  hid : seed  2
TRAINING COMPLETE for  35  hid : seed  3
TRAINING COMPLETE for  35  hid : seed  4
TRAINING COMPLETE for  40  hid : seed  0
TRAINING COMPLETE for  40  hid : seed  1
TRAINING COMPLETE for  40  hid : seed  2
TRAINING COMPLETE for  40  hid : seed  3
TRAINING COMPLETE for  40  hid : seed  4
not enough training obs
