2020-09-20 20:11:44.036726
pretraining finished in 1075 epochs
training finished in  14
TRAINING COMPLETE for  1  hid : seed  0
training finished in  9
TRAINING COMPLETE for  1  hid : seed  1
training finished in  9
TRAINING COMPLETE for  1  hid : seed  2
training finished in  34
TRAINING COMPLETE for  1  hid : seed  3
training finished in  9
TRAINING COMPLETE for  1  hid : seed  4
training finished in  14
TRAINING COMPLETE for  2  hid : seed  0
training finished in  9
TRAINING COMPLETE for  2  hid : seed  1
training finished in  9
TRAINING COMPLETE for  2  hid : seed  2
training finished in  52
TRAINING COMPLETE for  2  hid : seed  3
training finished in  9
TRAINING COMPLETE for  2  hid : seed  4
training finished in  13
TRAINING COMPLETE for  5  hid : seed  0
training finished in  9
TRAINING COMPLETE for  5  hid : seed  1
training finished in  16
TRAINING COMPLETE for  5  hid : seed  2
training finished in  40
TRAINING COMPLETE for  5  hid : seed  3
training finished in  10
TRAINING COMPLETE for  5  hid : seed  4
training finished in  25
TRAINING COMPLETE for  10  hid : seed  0
training finished in  10
TRAINING COMPLETE for  10  hid : seed  1
training finished in  20
TRAINING COMPLETE for  10  hid : seed  2
training finished in  34
TRAINING COMPLETE for  10  hid : seed  3
training finished in  22
TRAINING COMPLETE for  10  hid : seed  4
training finished in  21
TRAINING COMPLETE for  15  hid : seed  0
training finished in  15
TRAINING COMPLETE for  15  hid : seed  1
training finished in  29
TRAINING COMPLETE for  15  hid : seed  2
training finished in  34
TRAINING COMPLETE for  15  hid : seed  3
training finished in  44
TRAINING COMPLETE for  15  hid : seed  4
training finished in  34
TRAINING COMPLETE for  20  hid : seed  0
training finished in  29
TRAINING COMPLETE for  20  hid : seed  1
training finished in  32
TRAINING COMPLETE for  20  hid : seed  2
training finished in  45
TRAINING COMPLETE for  20  hid : seed  3
training finished in  61
TRAINING COMPLETE for  20  hid : seed  4
training finished in  38
TRAINING COMPLETE for  25  hid : seed  0
training finished in  38
TRAINING COMPLETE for  25  hid : seed  1
training finished in  38
TRAINING COMPLETE for  25  hid : seed  2
training finished in  52
TRAINING COMPLETE for  25  hid : seed  3
training finished in  40
TRAINING COMPLETE for  25  hid : seed  4
training finished in  37
TRAINING COMPLETE for  30  hid : seed  0
training finished in  52
TRAINING COMPLETE for  30  hid : seed  1
training finished in  41
TRAINING COMPLETE for  30  hid : seed  2
training finished in  65
TRAINING COMPLETE for  30  hid : seed  3
training finished in  51
TRAINING COMPLETE for  30  hid : seed  4
training finished in  37
TRAINING COMPLETE for  35  hid : seed  0
training finished in  72
TRAINING COMPLETE for  35  hid : seed  1
training finished in  47
TRAINING COMPLETE for  35  hid : seed  2
training finished in  65
TRAINING COMPLETE for  35  hid : seed  3
training finished in  55
TRAINING COMPLETE for  35  hid : seed  4
training finished in  48
TRAINING COMPLETE for  40  hid : seed  0
training finished in  47
TRAINING COMPLETE for  40  hid : seed  1
training finished in  55
TRAINING COMPLETE for  40  hid : seed  2
training finished in  54
TRAINING COMPLETE for  40  hid : seed  3
training finished in  57
TRAINING COMPLETE for  40  hid : seed  4
not enough training obs
