2020-09-20 19:45:50.781672
pretraining finished in 814 epochs
training finished in  10
TRAINING COMPLETE for  1  hid : seed  0
training finished in  11
TRAINING COMPLETE for  1  hid : seed  1
training finished in  9
TRAINING COMPLETE for  1  hid : seed  2
training finished in  9
TRAINING COMPLETE for  1  hid : seed  3
training finished in  13
TRAINING COMPLETE for  1  hid : seed  4
training finished in  16
TRAINING COMPLETE for  2  hid : seed  0
training finished in  13
TRAINING COMPLETE for  2  hid : seed  1
training finished in  13
TRAINING COMPLETE for  2  hid : seed  2
training finished in  11
TRAINING COMPLETE for  2  hid : seed  3
training finished in  9
TRAINING COMPLETE for  2  hid : seed  4
training finished in  26
TRAINING COMPLETE for  5  hid : seed  0
training finished in  23
TRAINING COMPLETE for  5  hid : seed  1
training finished in  14
TRAINING COMPLETE for  5  hid : seed  2
training finished in  12
TRAINING COMPLETE for  5  hid : seed  3
training finished in  10
TRAINING COMPLETE for  5  hid : seed  4
training finished in  24
TRAINING COMPLETE for  10  hid : seed  0
training finished in  22
TRAINING COMPLETE for  10  hid : seed  1
training finished in  44
TRAINING COMPLETE for  10  hid : seed  2
training finished in  19
TRAINING COMPLETE for  10  hid : seed  3
training finished in  25
TRAINING COMPLETE for  10  hid : seed  4
training finished in  54
TRAINING COMPLETE for  15  hid : seed  0
training finished in  28
TRAINING COMPLETE for  15  hid : seed  1
training finished in  37
TRAINING COMPLETE for  15  hid : seed  2
training finished in  31
TRAINING COMPLETE for  15  hid : seed  3
training finished in  39
TRAINING COMPLETE for  15  hid : seed  4
training finished in  42
TRAINING COMPLETE for  20  hid : seed  0
training finished in  28
TRAINING COMPLETE for  20  hid : seed  1
training finished in  93
TRAINING COMPLETE for  20  hid : seed  2
training finished in  35
TRAINING COMPLETE for  20  hid : seed  3
training finished in  46
TRAINING COMPLETE for  20  hid : seed  4
training finished in  50
TRAINING COMPLETE for  25  hid : seed  0
training finished in  65
TRAINING COMPLETE for  25  hid : seed  1
training finished in  91
TRAINING COMPLETE for  25  hid : seed  2
training finished in  45
TRAINING COMPLETE for  25  hid : seed  3
training finished in  51
TRAINING COMPLETE for  25  hid : seed  4
training finished in  59
TRAINING COMPLETE for  30  hid : seed  0
training finished in  93
TRAINING COMPLETE for  30  hid : seed  1
training finished in  82
TRAINING COMPLETE for  30  hid : seed  2
training finished in  36
TRAINING COMPLETE for  30  hid : seed  3
training finished in  54
TRAINING COMPLETE for  30  hid : seed  4
training finished in  45
TRAINING COMPLETE for  35  hid : seed  0
training finished in  98
TRAINING COMPLETE for  35  hid : seed  1
training finished in  92
TRAINING COMPLETE for  35  hid : seed  2
training finished in  56
TRAINING COMPLETE for  35  hid : seed  3
training finished in  48
TRAINING COMPLETE for  35  hid : seed  4
not enough training obs
