2020-09-20 20:26:27.687951
pretraining finished in 1415 epochs
training finished in  19
TRAINING COMPLETE for  1  hid : seed  0
training finished in  15
TRAINING COMPLETE for  1  hid : seed  1
training finished in  12
TRAINING COMPLETE for  1  hid : seed  2
training finished in  9
TRAINING COMPLETE for  1  hid : seed  3
training finished in  9
TRAINING COMPLETE for  1  hid : seed  4
training finished in  17
TRAINING COMPLETE for  2  hid : seed  0
training finished in  9
TRAINING COMPLETE for  2  hid : seed  1
training finished in  9
TRAINING COMPLETE for  2  hid : seed  2
training finished in  11
TRAINING COMPLETE for  2  hid : seed  3
training finished in  9
TRAINING COMPLETE for  2  hid : seed  4
training finished in  26
TRAINING COMPLETE for  5  hid : seed  0
training finished in  13
TRAINING COMPLETE for  5  hid : seed  1
training finished in  14
TRAINING COMPLETE for  5  hid : seed  2
training finished in  26
TRAINING COMPLETE for  5  hid : seed  3
training finished in  9
TRAINING COMPLETE for  5  hid : seed  4
training finished in  36
TRAINING COMPLETE for  10  hid : seed  0
training finished in  19
TRAINING COMPLETE for  10  hid : seed  1
training finished in  17
TRAINING COMPLETE for  10  hid : seed  2
training finished in  28
TRAINING COMPLETE for  10  hid : seed  3
training finished in  23
TRAINING COMPLETE for  10  hid : seed  4
training finished in  24
TRAINING COMPLETE for  15  hid : seed  0
training finished in  24
TRAINING COMPLETE for  15  hid : seed  1
training finished in  27
TRAINING COMPLETE for  15  hid : seed  2
training finished in  30
TRAINING COMPLETE for  15  hid : seed  3
training finished in  29
TRAINING COMPLETE for  15  hid : seed  4
training finished in  28
TRAINING COMPLETE for  20  hid : seed  0
training finished in  31
TRAINING COMPLETE for  20  hid : seed  1
training finished in  35
TRAINING COMPLETE for  20  hid : seed  2
training finished in  35
TRAINING COMPLETE for  20  hid : seed  3
training finished in  32
TRAINING COMPLETE for  20  hid : seed  4
training finished in  37
TRAINING COMPLETE for  25  hid : seed  0
training finished in  54
TRAINING COMPLETE for  25  hid : seed  1
training finished in  43
TRAINING COMPLETE for  25  hid : seed  2
training finished in  53
TRAINING COMPLETE for  25  hid : seed  3
training finished in  33
TRAINING COMPLETE for  25  hid : seed  4
training finished in  47
TRAINING COMPLETE for  30  hid : seed  0
training finished in  50
TRAINING COMPLETE for  30  hid : seed  1
training finished in  38
TRAINING COMPLETE for  30  hid : seed  2
training finished in  57
TRAINING COMPLETE for  30  hid : seed  3
training finished in  65
TRAINING COMPLETE for  30  hid : seed  4
training finished in  58
TRAINING COMPLETE for  35  hid : seed  0
training finished in  52
TRAINING COMPLETE for  35  hid : seed  1
training finished in  62
TRAINING COMPLETE for  35  hid : seed  2
training finished in  73
TRAINING COMPLETE for  35  hid : seed  3
training finished in  53
TRAINING COMPLETE for  35  hid : seed  4
training finished in  59
TRAINING COMPLETE for  40  hid : seed  0
training finished in  55
TRAINING COMPLETE for  40  hid : seed  1
training finished in  69
TRAINING COMPLETE for  40  hid : seed  2
training finished in  85
TRAINING COMPLETE for  40  hid : seed  3
training finished in  69
TRAINING COMPLETE for  40  hid : seed  4
training finished in  77
TRAINING COMPLETE for  45  hid : seed  0
training finished in  94
TRAINING COMPLETE for  45  hid : seed  1
training finished in  86
TRAINING COMPLETE for  45  hid : seed  2
training finished in  87
TRAINING COMPLETE for  45  hid : seed  3
training finished in  79
TRAINING COMPLETE for  45  hid : seed  4
not enough training obs
