2020-09-20 20:24:39.944448
pretraining finished in 500 epochs
training finished in  9
TRAINING COMPLETE for  1  hid : seed  0
training finished in  9
TRAINING COMPLETE for  1  hid : seed  1
training finished in  12
TRAINING COMPLETE for  1  hid : seed  2
training finished in  23
TRAINING COMPLETE for  1  hid : seed  3
training finished in  10
TRAINING COMPLETE for  1  hid : seed  4
training finished in  10
TRAINING COMPLETE for  2  hid : seed  0
training finished in  13
TRAINING COMPLETE for  2  hid : seed  1
training finished in  11
TRAINING COMPLETE for  2  hid : seed  2
training finished in  30
TRAINING COMPLETE for  2  hid : seed  3
training finished in  11
TRAINING COMPLETE for  2  hid : seed  4
training finished in  10
TRAINING COMPLETE for  5  hid : seed  0
training finished in  16
TRAINING COMPLETE for  5  hid : seed  1
training finished in  14
TRAINING COMPLETE for  5  hid : seed  2
training finished in  26
TRAINING COMPLETE for  5  hid : seed  3
training finished in  27
TRAINING COMPLETE for  5  hid : seed  4
training finished in  29
TRAINING COMPLETE for  10  hid : seed  0
training finished in  29
TRAINING COMPLETE for  10  hid : seed  1
training finished in  24
TRAINING COMPLETE for  10  hid : seed  2
training finished in  41
TRAINING COMPLETE for  10  hid : seed  3
training finished in  25
TRAINING COMPLETE for  10  hid : seed  4
training finished in  44
TRAINING COMPLETE for  15  hid : seed  0
training finished in  26
TRAINING COMPLETE for  15  hid : seed  1
training finished in  38
TRAINING COMPLETE for  15  hid : seed  2
training finished in  50
TRAINING COMPLETE for  15  hid : seed  3
training finished in  33
TRAINING COMPLETE for  15  hid : seed  4
training finished in  52
TRAINING COMPLETE for  20  hid : seed  0
training finished in  52
TRAINING COMPLETE for  20  hid : seed  1
training finished in  57
TRAINING COMPLETE for  20  hid : seed  2
training finished in  72
TRAINING COMPLETE for  20  hid : seed  3
training finished in  51
TRAINING COMPLETE for  20  hid : seed  4
training finished in  69
TRAINING COMPLETE for  25  hid : seed  0
training finished in  77
TRAINING COMPLETE for  25  hid : seed  1
training finished in  71
TRAINING COMPLETE for  25  hid : seed  2
training finished in  76
TRAINING COMPLETE for  25  hid : seed  3
training finished in  50
TRAINING COMPLETE for  25  hid : seed  4
training finished in  100
TRAINING COMPLETE for  30  hid : seed  0
training finished in  75
TRAINING COMPLETE for  30  hid : seed  1
training finished in  107
TRAINING COMPLETE for  30  hid : seed  2
training finished in  74
TRAINING COMPLETE for  30  hid : seed  3
training finished in  98
TRAINING COMPLETE for  30  hid : seed  4
training finished in  90
TRAINING COMPLETE for  35  hid : seed  0
training finished in  96
TRAINING COMPLETE for  35  hid : seed  1
training finished in  87
TRAINING COMPLETE for  35  hid : seed  2
training finished in  124
TRAINING COMPLETE for  35  hid : seed  3
training finished in  83
TRAINING COMPLETE for  35  hid : seed  4
not enough training obs
