2020-09-20 18:14:02.419503
pretraining finished in 865 epochs
training finished in  9
TRAINING COMPLETE for  1  hid : seed  0
training finished in  45
TRAINING COMPLETE for  1  hid : seed  1
training finished in  9
TRAINING COMPLETE for  1  hid : seed  2
training finished in  9
TRAINING COMPLETE for  1  hid : seed  3
training finished in  11
TRAINING COMPLETE for  1  hid : seed  4
training finished in  16
TRAINING COMPLETE for  2  hid : seed  0
training finished in  40
TRAINING COMPLETE for  2  hid : seed  1
training finished in  9
TRAINING COMPLETE for  2  hid : seed  2
training finished in  9
TRAINING COMPLETE for  2  hid : seed  3
training finished in  10
TRAINING COMPLETE for  2  hid : seed  4
training finished in  11
TRAINING COMPLETE for  5  hid : seed  0
training finished in  38
TRAINING COMPLETE for  5  hid : seed  1
training finished in  9
TRAINING COMPLETE for  5  hid : seed  2
training finished in  10
TRAINING COMPLETE for  5  hid : seed  3
training finished in  9
TRAINING COMPLETE for  5  hid : seed  4
training finished in  12
TRAINING COMPLETE for  10  hid : seed  0
training finished in  35
TRAINING COMPLETE for  10  hid : seed  1
training finished in  10
TRAINING COMPLETE for  10  hid : seed  2
training finished in  11
TRAINING COMPLETE for  10  hid : seed  3
training finished in  9
TRAINING COMPLETE for  10  hid : seed  4
training finished in  9
TRAINING COMPLETE for  15  hid : seed  0
training finished in  34
TRAINING COMPLETE for  15  hid : seed  1
training finished in  38
TRAINING COMPLETE for  15  hid : seed  2
training finished in  10
TRAINING COMPLETE for  15  hid : seed  3
training finished in  11
TRAINING COMPLETE for  15  hid : seed  4
training finished in  9
TRAINING COMPLETE for  20  hid : seed  0
training finished in  32
TRAINING COMPLETE for  20  hid : seed  1
training finished in  30
TRAINING COMPLETE for  20  hid : seed  2
training finished in  11
TRAINING COMPLETE for  20  hid : seed  3
training finished in  10
TRAINING COMPLETE for  20  hid : seed  4
training finished in  9
TRAINING COMPLETE for  25  hid : seed  0
training finished in  33
TRAINING COMPLETE for  25  hid : seed  1
training finished in  38
TRAINING COMPLETE for  25  hid : seed  2
training finished in  9
TRAINING COMPLETE for  25  hid : seed  3
training finished in  10
TRAINING COMPLETE for  25  hid : seed  4
training finished in  9
TRAINING COMPLETE for  30  hid : seed  0
training finished in  43
TRAINING COMPLETE for  30  hid : seed  1
training finished in  28
TRAINING COMPLETE for  30  hid : seed  2
training finished in  9
TRAINING COMPLETE for  30  hid : seed  3
training finished in  9
TRAINING COMPLETE for  30  hid : seed  4
training finished in  19
TRAINING COMPLETE for  35  hid : seed  0
training finished in  44
TRAINING COMPLETE for  35  hid : seed  1
training finished in  32
TRAINING COMPLETE for  35  hid : seed  2
training finished in  12
TRAINING COMPLETE for  35  hid : seed  3
training finished in  27
TRAINING COMPLETE for  35  hid : seed  4
training finished in  14
TRAINING COMPLETE for  40  hid : seed  0
training finished in  38
TRAINING COMPLETE for  40  hid : seed  1
training finished in  36
TRAINING COMPLETE for  40  hid : seed  2
training finished in  40
TRAINING COMPLETE for  40  hid : seed  3
training finished in  35
TRAINING COMPLETE for  40  hid : seed  4
training finished in  42
TRAINING COMPLETE for  45  hid : seed  0
training finished in  34
TRAINING COMPLETE for  45  hid : seed  1
training finished in  32
TRAINING COMPLETE for  45  hid : seed  2
training finished in  37
TRAINING COMPLETE for  45  hid : seed  3
training finished in  38
TRAINING COMPLETE for  45  hid : seed  4
not enough training obs
2020-09-20 18:45:28.020354
pretraining finished in 1004 epochs
training finished in  9
TRAINING COMPLETE for  1  hid : seed  0
training finished in  36
TRAINING COMPLETE for  1  hid : seed  1
training finished in  10
TRAINING COMPLETE for  1  hid : seed  2
training finished in  13
TRAINING COMPLETE for  1  hid : seed  3
training finished in  9
TRAINING COMPLETE for  1  hid : seed  4
training finished in  11
TRAINING COMPLETE for  2  hid : seed  0
training finished in  31
TRAINING COMPLETE for  2  hid : seed  1
training finished in  9
TRAINING COMPLETE for  2  hid : seed  2
training finished in  13
TRAINING COMPLETE for  2  hid : seed  3
training finished in  9
TRAINING COMPLETE for  2  hid : seed  4
training finished in  14
TRAINING COMPLETE for  5  hid : seed  0
training finished in  29
TRAINING COMPLETE for  5  hid : seed  1
training finished in  9
TRAINING COMPLETE for  5  hid : seed  2
training finished in  10
TRAINING COMPLETE for  5  hid : seed  3
training finished in  10
TRAINING COMPLETE for  5  hid : seed  4
training finished in  12
TRAINING COMPLETE for  10  hid : seed  0
training finished in  27
TRAINING COMPLETE for  10  hid : seed  1
training finished in  13
TRAINING COMPLETE for  10  hid : seed  2
training finished in  10
TRAINING COMPLETE for  10  hid : seed  3
training finished in  9
TRAINING COMPLETE for  10  hid : seed  4
training finished in  12
TRAINING COMPLETE for  15  hid : seed  0
training finished in  27
TRAINING COMPLETE for  15  hid : seed  1
training finished in  31
TRAINING COMPLETE for  15  hid : seed  2
training finished in  16
TRAINING COMPLETE for  15  hid : seed  3
training finished in  16
TRAINING COMPLETE for  15  hid : seed  4
training finished in  11
TRAINING COMPLETE for  20  hid : seed  0
training finished in  31
TRAINING COMPLETE for  20  hid : seed  1
training finished in  28
TRAINING COMPLETE for  20  hid : seed  2
training finished in  13
TRAINING COMPLETE for  20  hid : seed  3
training finished in  15
TRAINING COMPLETE for  20  hid : seed  4
training finished in  11
TRAINING COMPLETE for  25  hid : seed  0
training finished in  39
TRAINING COMPLETE for  25  hid : seed  1
training finished in  28
TRAINING COMPLETE for  25  hid : seed  2
training finished in  10
TRAINING COMPLETE for  25  hid : seed  3
training finished in  16
TRAINING COMPLETE for  25  hid : seed  4
training finished in  12
TRAINING COMPLETE for  30  hid : seed  0
training finished in  32
TRAINING COMPLETE for  30  hid : seed  1
training finished in  30
TRAINING COMPLETE for  30  hid : seed  2
training finished in  14
TRAINING COMPLETE for  30  hid : seed  3
training finished in  16
TRAINING COMPLETE for  30  hid : seed  4
training finished in  15
TRAINING COMPLETE for  35  hid : seed  0
training finished in  35
TRAINING COMPLETE for  35  hid : seed  1
training finished in  30
TRAINING COMPLETE for  35  hid : seed  2
training finished in  13
TRAINING COMPLETE for  35  hid : seed  3
training finished in  30
TRAINING COMPLETE for  35  hid : seed  4
training finished in  16
TRAINING COMPLETE for  40  hid : seed  0
training finished in  44
TRAINING COMPLETE for  40  hid : seed  1
training finished in  38
TRAINING COMPLETE for  40  hid : seed  2
training finished in  28
TRAINING COMPLETE for  40  hid : seed  3
training finished in  35
TRAINING COMPLETE for  40  hid : seed  4
training finished in  32
TRAINING COMPLETE for  45  hid : seed  0
training finished in  40
TRAINING COMPLETE for  45  hid : seed  1
training finished in  38
TRAINING COMPLETE for  45  hid : seed  2
training finished in  31
TRAINING COMPLETE for  45  hid : seed  3
training finished in  41
TRAINING COMPLETE for  45  hid : seed  4
not enough training obs
