2020-09-20 18:14:02.090219
pretraining finished in 1282 epochs
training finished in  10
TRAINING COMPLETE for  1  hid : seed  0
training finished in  10
TRAINING COMPLETE for  1  hid : seed  1
training finished in  9
TRAINING COMPLETE for  1  hid : seed  2
training finished in  9
TRAINING COMPLETE for  1  hid : seed  3
training finished in  22
TRAINING COMPLETE for  1  hid : seed  4
training finished in  11
TRAINING COMPLETE for  2  hid : seed  0
training finished in  18
TRAINING COMPLETE for  2  hid : seed  1
training finished in  10
TRAINING COMPLETE for  2  hid : seed  2
training finished in  12
TRAINING COMPLETE for  2  hid : seed  3
training finished in  10
TRAINING COMPLETE for  2  hid : seed  4
training finished in  26
TRAINING COMPLETE for  5  hid : seed  0
training finished in  10
TRAINING COMPLETE for  5  hid : seed  1
training finished in  9
TRAINING COMPLETE for  5  hid : seed  2
training finished in  14
TRAINING COMPLETE for  5  hid : seed  3
training finished in  14
TRAINING COMPLETE for  5  hid : seed  4
training finished in  25
TRAINING COMPLETE for  10  hid : seed  0
training finished in  9
TRAINING COMPLETE for  10  hid : seed  1
training finished in  17
TRAINING COMPLETE for  10  hid : seed  2
training finished in  22
TRAINING COMPLETE for  10  hid : seed  3
training finished in  19
TRAINING COMPLETE for  10  hid : seed  4
training finished in  49
TRAINING COMPLETE for  15  hid : seed  0
training finished in  31
TRAINING COMPLETE for  15  hid : seed  1
training finished in  24
TRAINING COMPLETE for  15  hid : seed  2
training finished in  23
TRAINING COMPLETE for  15  hid : seed  3
training finished in  32
TRAINING COMPLETE for  15  hid : seed  4
training finished in  40
TRAINING COMPLETE for  20  hid : seed  0
training finished in  33
TRAINING COMPLETE for  20  hid : seed  1
training finished in  26
TRAINING COMPLETE for  20  hid : seed  2
training finished in  26
TRAINING COMPLETE for  20  hid : seed  3
training finished in  34
TRAINING COMPLETE for  20  hid : seed  4
training finished in  94
TRAINING COMPLETE for  25  hid : seed  0
training finished in  40
TRAINING COMPLETE for  25  hid : seed  1
training finished in  51
TRAINING COMPLETE for  25  hid : seed  2
training finished in  32
TRAINING COMPLETE for  25  hid : seed  3
training finished in  55
TRAINING COMPLETE for  25  hid : seed  4
training finished in  57
TRAINING COMPLETE for  30  hid : seed  0
training finished in  46
TRAINING COMPLETE for  30  hid : seed  1
training finished in  60
TRAINING COMPLETE for  30  hid : seed  2
training finished in  55
TRAINING COMPLETE for  30  hid : seed  3
training finished in  99
TRAINING COMPLETE for  30  hid : seed  4
training finished in  62
TRAINING COMPLETE for  35  hid : seed  0
training finished in  67
TRAINING COMPLETE for  35  hid : seed  1
training finished in  77
TRAINING COMPLETE for  35  hid : seed  2
training finished in  46
TRAINING COMPLETE for  35  hid : seed  3
training finished in  98
TRAINING COMPLETE for  35  hid : seed  4
training finished in  71
TRAINING COMPLETE for  40  hid : seed  0
training finished in  73
TRAINING COMPLETE for  40  hid : seed  1
training finished in  75
TRAINING COMPLETE for  40  hid : seed  2
training finished in  51
TRAINING COMPLETE for  40  hid : seed  3
training finished in  94
TRAINING COMPLETE for  40  hid : seed  4
training finished in  80
TRAINING COMPLETE for  45  hid : seed  0
training finished in  75
TRAINING COMPLETE for  45  hid : seed  1
training finished in  76
TRAINING COMPLETE for  45  hid : seed  2
training finished in  77
TRAINING COMPLETE for  45  hid : seed  3
training finished in  87
TRAINING COMPLETE for  45  hid : seed  4
not enough training obs
2020-09-20 18:45:28.020570
pretraining finished in 1467 epochs
training finished in  12
TRAINING COMPLETE for  1  hid : seed  0
training finished in  9
TRAINING COMPLETE for  1  hid : seed  1
training finished in  10
TRAINING COMPLETE for  1  hid : seed  2
training finished in  9
TRAINING COMPLETE for  1  hid : seed  3
training finished in  12
TRAINING COMPLETE for  1  hid : seed  4
training finished in  22
TRAINING COMPLETE for  2  hid : seed  0
training finished in  26
TRAINING COMPLETE for  2  hid : seed  1
training finished in  13
TRAINING COMPLETE for  2  hid : seed  2
training finished in  12
TRAINING COMPLETE for  2  hid : seed  3
training finished in  12
TRAINING COMPLETE for  2  hid : seed  4
training finished in  19
TRAINING COMPLETE for  5  hid : seed  0
training finished in  18
TRAINING COMPLETE for  5  hid : seed  1
training finished in  11
TRAINING COMPLETE for  5  hid : seed  2
training finished in  9
TRAINING COMPLETE for  5  hid : seed  3
training finished in  16
TRAINING COMPLETE for  5  hid : seed  4
training finished in  14
TRAINING COMPLETE for  10  hid : seed  0
training finished in  12
TRAINING COMPLETE for  10  hid : seed  1
training finished in  15
TRAINING COMPLETE for  10  hid : seed  2
training finished in  22
TRAINING COMPLETE for  10  hid : seed  3
training finished in  19
TRAINING COMPLETE for  10  hid : seed  4
training finished in  26
TRAINING COMPLETE for  15  hid : seed  0
training finished in  26
TRAINING COMPLETE for  15  hid : seed  1
training finished in  31
TRAINING COMPLETE for  15  hid : seed  2
training finished in  27
TRAINING COMPLETE for  15  hid : seed  3
training finished in  28
TRAINING COMPLETE for  15  hid : seed  4
training finished in  46
TRAINING COMPLETE for  20  hid : seed  0
training finished in  46
TRAINING COMPLETE for  20  hid : seed  1
training finished in  31
TRAINING COMPLETE for  20  hid : seed  2
training finished in  39
TRAINING COMPLETE for  20  hid : seed  3
training finished in  38
TRAINING COMPLETE for  20  hid : seed  4
training finished in  42
TRAINING COMPLETE for  25  hid : seed  0
training finished in  64
TRAINING COMPLETE for  25  hid : seed  1
training finished in  41
TRAINING COMPLETE for  25  hid : seed  2
training finished in  44
TRAINING COMPLETE for  25  hid : seed  3
training finished in  41
TRAINING COMPLETE for  25  hid : seed  4
training finished in  66
TRAINING COMPLETE for  30  hid : seed  0
training finished in  57
TRAINING COMPLETE for  30  hid : seed  1
training finished in  54
TRAINING COMPLETE for  30  hid : seed  2
training finished in  35
TRAINING COMPLETE for  30  hid : seed  3
training finished in  77
TRAINING COMPLETE for  30  hid : seed  4
training finished in  66
TRAINING COMPLETE for  35  hid : seed  0
training finished in  59
TRAINING COMPLETE for  35  hid : seed  1
training finished in  60
TRAINING COMPLETE for  35  hid : seed  2
training finished in  46
TRAINING COMPLETE for  35  hid : seed  3
training finished in  61
TRAINING COMPLETE for  35  hid : seed  4
training finished in  94
TRAINING COMPLETE for  40  hid : seed  0
training finished in  75
TRAINING COMPLETE for  40  hid : seed  1
training finished in  105
TRAINING COMPLETE for  40  hid : seed  2
training finished in  49
TRAINING COMPLETE for  40  hid : seed  3
training finished in  78
TRAINING COMPLETE for  40  hid : seed  4
training finished in  87
TRAINING COMPLETE for  45  hid : seed  0
training finished in  79
TRAINING COMPLETE for  45  hid : seed  1
training finished in  83
TRAINING COMPLETE for  45  hid : seed  2
training finished in  86
TRAINING COMPLETE for  45  hid : seed  3
training finished in  81
TRAINING COMPLETE for  45  hid : seed  4
not enough training obs
