2020-09-20 18:28:10.162902
pretraining finished in 1009 epochs
training finished in  10
TRAINING COMPLETE for  1  hid : seed  0
training finished in  9
TRAINING COMPLETE for  1  hid : seed  1
training finished in  11
TRAINING COMPLETE for  1  hid : seed  2
training finished in  10
TRAINING COMPLETE for  1  hid : seed  3
training finished in  10
TRAINING COMPLETE for  1  hid : seed  4
training finished in  21
TRAINING COMPLETE for  2  hid : seed  0
training finished in  12
TRAINING COMPLETE for  2  hid : seed  1
training finished in  9
TRAINING COMPLETE for  2  hid : seed  2
training finished in  23
TRAINING COMPLETE for  2  hid : seed  3
training finished in  9
TRAINING COMPLETE for  2  hid : seed  4
training finished in  38
TRAINING COMPLETE for  5  hid : seed  0
training finished in  11
TRAINING COMPLETE for  5  hid : seed  1
training finished in  12
TRAINING COMPLETE for  5  hid : seed  2
training finished in  44
TRAINING COMPLETE for  5  hid : seed  3
training finished in  14
TRAINING COMPLETE for  5  hid : seed  4
training finished in  47
TRAINING COMPLETE for  10  hid : seed  0
training finished in  14
TRAINING COMPLETE for  10  hid : seed  1
training finished in  31
TRAINING COMPLETE for  10  hid : seed  2
training finished in  34
TRAINING COMPLETE for  10  hid : seed  3
training finished in  78
TRAINING COMPLETE for  10  hid : seed  4
training finished in  49
TRAINING COMPLETE for  15  hid : seed  0
training finished in  20
TRAINING COMPLETE for  15  hid : seed  1
training finished in  42
TRAINING COMPLETE for  15  hid : seed  2
training finished in  40
TRAINING COMPLETE for  15  hid : seed  3
training finished in  71
TRAINING COMPLETE for  15  hid : seed  4
training finished in  89
TRAINING COMPLETE for  20  hid : seed  0
training finished in  34
TRAINING COMPLETE for  20  hid : seed  1
training finished in  87
TRAINING COMPLETE for  20  hid : seed  2
training finished in  54
TRAINING COMPLETE for  20  hid : seed  3
training finished in  68
TRAINING COMPLETE for  20  hid : seed  4
training finished in  80
TRAINING COMPLETE for  25  hid : seed  0
training finished in  58
TRAINING COMPLETE for  25  hid : seed  1
training finished in  111
TRAINING COMPLETE for  25  hid : seed  2
training finished in  65
TRAINING COMPLETE for  25  hid : seed  3
training finished in  98
TRAINING COMPLETE for  25  hid : seed  4
training finished in  138
TRAINING COMPLETE for  30  hid : seed  0
training finished in  88
TRAINING COMPLETE for  30  hid : seed  1
training finished in  100
TRAINING COMPLETE for  30  hid : seed  2
training finished in  68
TRAINING COMPLETE for  30  hid : seed  3
training finished in  107
TRAINING COMPLETE for  30  hid : seed  4
training finished in  107
TRAINING COMPLETE for  35  hid : seed  0
training finished in  62
TRAINING COMPLETE for  35  hid : seed  1
training finished in  120
TRAINING COMPLETE for  35  hid : seed  2
training finished in  117
TRAINING COMPLETE for  35  hid : seed  3
training finished in  104
TRAINING COMPLETE for  35  hid : seed  4
not enough training obs
2020-09-20 18:59:58.099781
pretraining finished in 1048 epochs
training finished in  10
TRAINING COMPLETE for  1  hid : seed  0
training finished in  9
TRAINING COMPLETE for  1  hid : seed  1
training finished in  9
TRAINING COMPLETE for  1  hid : seed  2
training finished in  9
TRAINING COMPLETE for  1  hid : seed  3
training finished in  10
TRAINING COMPLETE for  1  hid : seed  4
training finished in  33
TRAINING COMPLETE for  2  hid : seed  0
training finished in  9
TRAINING COMPLETE for  2  hid : seed  1
training finished in  9
TRAINING COMPLETE for  2  hid : seed  2
training finished in  29
TRAINING COMPLETE for  2  hid : seed  3
training finished in  9
TRAINING COMPLETE for  2  hid : seed  4
training finished in  37
TRAINING COMPLETE for  5  hid : seed  0
training finished in  14
TRAINING COMPLETE for  5  hid : seed  1
training finished in  9
TRAINING COMPLETE for  5  hid : seed  2
training finished in  39
TRAINING COMPLETE for  5  hid : seed  3
training finished in  14
TRAINING COMPLETE for  5  hid : seed  4
training finished in  65
TRAINING COMPLETE for  10  hid : seed  0
training finished in  12
TRAINING COMPLETE for  10  hid : seed  1
training finished in  39
TRAINING COMPLETE for  10  hid : seed  2
training finished in  38
TRAINING COMPLETE for  10  hid : seed  3
training finished in  55
TRAINING COMPLETE for  10  hid : seed  4
training finished in  56
TRAINING COMPLETE for  15  hid : seed  0
training finished in  27
TRAINING COMPLETE for  15  hid : seed  1
training finished in  38
TRAINING COMPLETE for  15  hid : seed  2
training finished in  52
TRAINING COMPLETE for  15  hid : seed  3
training finished in  103
TRAINING COMPLETE for  15  hid : seed  4
training finished in  75
TRAINING COMPLETE for  20  hid : seed  0
training finished in  29
TRAINING COMPLETE for  20  hid : seed  1
training finished in  75
TRAINING COMPLETE for  20  hid : seed  2
training finished in  61
TRAINING COMPLETE for  20  hid : seed  3
training finished in  68
TRAINING COMPLETE for  20  hid : seed  4
training finished in  75
TRAINING COMPLETE for  25  hid : seed  0
training finished in  41
TRAINING COMPLETE for  25  hid : seed  1
training finished in  83
TRAINING COMPLETE for  25  hid : seed  2
training finished in  57
TRAINING COMPLETE for  25  hid : seed  3
training finished in  79
TRAINING COMPLETE for  25  hid : seed  4
training finished in  76
TRAINING COMPLETE for  30  hid : seed  0
training finished in  47
TRAINING COMPLETE for  30  hid : seed  1
training finished in  109
TRAINING COMPLETE for  30  hid : seed  2
training finished in  83
TRAINING COMPLETE for  30  hid : seed  3
training finished in  62
TRAINING COMPLETE for  30  hid : seed  4
training finished in  79
TRAINING COMPLETE for  35  hid : seed  0
training finished in  51
TRAINING COMPLETE for  35  hid : seed  1
training finished in  102
TRAINING COMPLETE for  35  hid : seed  2
training finished in  94
TRAINING COMPLETE for  35  hid : seed  3
training finished in  76
TRAINING COMPLETE for  35  hid : seed  4
not enough training obs
