2020-09-20 18:27:16.340507
pretraining finished in 585 epochs
training finished in  18
TRAINING COMPLETE for  1  hid : seed  0
training finished in  14
TRAINING COMPLETE for  1  hid : seed  1
training finished in  9
TRAINING COMPLETE for  1  hid : seed  2
training finished in  12
TRAINING COMPLETE for  1  hid : seed  3
training finished in  10
TRAINING COMPLETE for  1  hid : seed  4
training finished in  9
TRAINING COMPLETE for  2  hid : seed  0
training finished in  13
TRAINING COMPLETE for  2  hid : seed  1
training finished in  9
TRAINING COMPLETE for  2  hid : seed  2
training finished in  14
TRAINING COMPLETE for  2  hid : seed  3
training finished in  12
TRAINING COMPLETE for  2  hid : seed  4
training finished in  12
TRAINING COMPLETE for  5  hid : seed  0
training finished in  13
TRAINING COMPLETE for  5  hid : seed  1
training finished in  11
TRAINING COMPLETE for  5  hid : seed  2
training finished in  12
TRAINING COMPLETE for  5  hid : seed  3
training finished in  43
TRAINING COMPLETE for  5  hid : seed  4
training finished in  23
TRAINING COMPLETE for  10  hid : seed  0
training finished in  22
TRAINING COMPLETE for  10  hid : seed  1
training finished in  13
TRAINING COMPLETE for  10  hid : seed  2
training finished in  11
TRAINING COMPLETE for  10  hid : seed  3
training finished in  33
TRAINING COMPLETE for  10  hid : seed  4
training finished in  51
TRAINING COMPLETE for  15  hid : seed  0
training finished in  110
TRAINING COMPLETE for  15  hid : seed  1
training finished in  19
TRAINING COMPLETE for  15  hid : seed  2
training finished in  11
TRAINING COMPLETE for  15  hid : seed  3
training finished in  39
TRAINING COMPLETE for  15  hid : seed  4
training finished in  101
TRAINING COMPLETE for  20  hid : seed  0
training finished in  107
TRAINING COMPLETE for  20  hid : seed  1
training finished in  30
TRAINING COMPLETE for  20  hid : seed  2
training finished in  47
TRAINING COMPLETE for  20  hid : seed  3
training finished in  66
TRAINING COMPLETE for  20  hid : seed  4
training finished in  72
TRAINING COMPLETE for  25  hid : seed  0
training finished in  85
TRAINING COMPLETE for  25  hid : seed  1
training finished in  36
TRAINING COMPLETE for  25  hid : seed  2
training finished in  94
TRAINING COMPLETE for  25  hid : seed  3
training finished in  74
TRAINING COMPLETE for  25  hid : seed  4
training finished in  79
TRAINING COMPLETE for  30  hid : seed  0
training finished in  110
TRAINING COMPLETE for  30  hid : seed  1
training finished in  66
TRAINING COMPLETE for  30  hid : seed  2
training finished in  83
TRAINING COMPLETE for  30  hid : seed  3
training finished in  89
TRAINING COMPLETE for  30  hid : seed  4
training finished in  89
TRAINING COMPLETE for  35  hid : seed  0
training finished in  94
TRAINING COMPLETE for  35  hid : seed  1
training finished in  72
TRAINING COMPLETE for  35  hid : seed  2
training finished in  103
TRAINING COMPLETE for  35  hid : seed  3
training finished in  112
TRAINING COMPLETE for  35  hid : seed  4
training finished in  92
TRAINING COMPLETE for  40  hid : seed  0
training finished in  134
TRAINING COMPLETE for  40  hid : seed  1
training finished in  118
TRAINING COMPLETE for  40  hid : seed  2
training finished in  122
TRAINING COMPLETE for  40  hid : seed  3
training finished in  125
TRAINING COMPLETE for  40  hid : seed  4
training finished in  140
TRAINING COMPLETE for  45  hid : seed  0
training finished in  133
TRAINING COMPLETE for  45  hid : seed  1
training finished in  120
TRAINING COMPLETE for  45  hid : seed  2
training finished in  111
TRAINING COMPLETE for  45  hid : seed  3
training finished in  106
TRAINING COMPLETE for  45  hid : seed  4
not enough training obs
2020-09-20 18:59:01.879189
pretraining finished in 603 epochs
training finished in  25
TRAINING COMPLETE for  1  hid : seed  0
training finished in  16
TRAINING COMPLETE for  1  hid : seed  1
training finished in  13
TRAINING COMPLETE for  1  hid : seed  2
training finished in  9
TRAINING COMPLETE for  1  hid : seed  3
training finished in  17
TRAINING COMPLETE for  1  hid : seed  4
training finished in  11
TRAINING COMPLETE for  2  hid : seed  0
training finished in  19
TRAINING COMPLETE for  2  hid : seed  1
training finished in  19
TRAINING COMPLETE for  2  hid : seed  2
training finished in  9
TRAINING COMPLETE for  2  hid : seed  3
training finished in  25
TRAINING COMPLETE for  2  hid : seed  4
training finished in  12
TRAINING COMPLETE for  5  hid : seed  0
training finished in  16
TRAINING COMPLETE for  5  hid : seed  1
training finished in  16
TRAINING COMPLETE for  5  hid : seed  2
training finished in  16
TRAINING COMPLETE for  5  hid : seed  3
training finished in  23
TRAINING COMPLETE for  5  hid : seed  4
training finished in  13
TRAINING COMPLETE for  10  hid : seed  0
training finished in  17
TRAINING COMPLETE for  10  hid : seed  1
training finished in  9
TRAINING COMPLETE for  10  hid : seed  2
training finished in  9
TRAINING COMPLETE for  10  hid : seed  3
training finished in  54
TRAINING COMPLETE for  10  hid : seed  4
training finished in  52
TRAINING COMPLETE for  15  hid : seed  0
training finished in  74
TRAINING COMPLETE for  15  hid : seed  1
training finished in  12
TRAINING COMPLETE for  15  hid : seed  2
training finished in  14
TRAINING COMPLETE for  15  hid : seed  3
training finished in  51
TRAINING COMPLETE for  15  hid : seed  4
training finished in  77
TRAINING COMPLETE for  20  hid : seed  0
training finished in  78
TRAINING COMPLETE for  20  hid : seed  1
training finished in  26
TRAINING COMPLETE for  20  hid : seed  2
training finished in  19
TRAINING COMPLETE for  20  hid : seed  3
training finished in  73
TRAINING COMPLETE for  20  hid : seed  4
training finished in  96
TRAINING COMPLETE for  25  hid : seed  0
training finished in  63
TRAINING COMPLETE for  25  hid : seed  1
training finished in  21
TRAINING COMPLETE for  25  hid : seed  2
training finished in  75
TRAINING COMPLETE for  25  hid : seed  3
training finished in  80
TRAINING COMPLETE for  25  hid : seed  4
training finished in  74
TRAINING COMPLETE for  30  hid : seed  0
training finished in  79
TRAINING COMPLETE for  30  hid : seed  1
training finished in  55
TRAINING COMPLETE for  30  hid : seed  2
training finished in  73
TRAINING COMPLETE for  30  hid : seed  3
training finished in  67
TRAINING COMPLETE for  30  hid : seed  4
training finished in  74
TRAINING COMPLETE for  35  hid : seed  0
training finished in  82
TRAINING COMPLETE for  35  hid : seed  1
training finished in  62
TRAINING COMPLETE for  35  hid : seed  2
training finished in  95
TRAINING COMPLETE for  35  hid : seed  3
training finished in  68
TRAINING COMPLETE for  35  hid : seed  4
training finished in  87
TRAINING COMPLETE for  40  hid : seed  0
training finished in  105
TRAINING COMPLETE for  40  hid : seed  1
training finished in  86
TRAINING COMPLETE for  40  hid : seed  2
training finished in  103
TRAINING COMPLETE for  40  hid : seed  3
training finished in  78
TRAINING COMPLETE for  40  hid : seed  4
training finished in  96
TRAINING COMPLETE for  45  hid : seed  0
training finished in  81
TRAINING COMPLETE for  45  hid : seed  1
training finished in  92
TRAINING COMPLETE for  45  hid : seed  2
training finished in  91
TRAINING COMPLETE for  45  hid : seed  3
training finished in  92
TRAINING COMPLETE for  45  hid : seed  4
not enough training obs
