2020-09-20 18:24:33.237865
pretraining finished in 1830 epochs
training finished in  9
TRAINING COMPLETE for  1  hid : seed  0
training finished in  9
TRAINING COMPLETE for  1  hid : seed  1
training finished in  32
TRAINING COMPLETE for  1  hid : seed  2
training finished in  9
TRAINING COMPLETE for  1  hid : seed  3
training finished in  10
TRAINING COMPLETE for  1  hid : seed  4
training finished in  9
TRAINING COMPLETE for  2  hid : seed  0
training finished in  12
TRAINING COMPLETE for  2  hid : seed  1
training finished in  30
TRAINING COMPLETE for  2  hid : seed  2
training finished in  10
TRAINING COMPLETE for  2  hid : seed  3
training finished in  11
TRAINING COMPLETE for  2  hid : seed  4
training finished in  9
TRAINING COMPLETE for  5  hid : seed  0
training finished in  9
TRAINING COMPLETE for  5  hid : seed  1
training finished in  11
TRAINING COMPLETE for  5  hid : seed  2
training finished in  13
TRAINING COMPLETE for  5  hid : seed  3
training finished in  9
TRAINING COMPLETE for  5  hid : seed  4
training finished in  9
TRAINING COMPLETE for  10  hid : seed  0
training finished in  16
TRAINING COMPLETE for  10  hid : seed  1
training finished in  17
TRAINING COMPLETE for  10  hid : seed  2
training finished in  9
TRAINING COMPLETE for  10  hid : seed  3
training finished in  12
TRAINING COMPLETE for  10  hid : seed  4
training finished in  13
TRAINING COMPLETE for  15  hid : seed  0
training finished in  23
TRAINING COMPLETE for  15  hid : seed  1
training finished in  17
TRAINING COMPLETE for  15  hid : seed  2
training finished in  17
TRAINING COMPLETE for  15  hid : seed  3
training finished in  13
TRAINING COMPLETE for  15  hid : seed  4
training finished in  18
TRAINING COMPLETE for  20  hid : seed  0
training finished in  29
TRAINING COMPLETE for  20  hid : seed  1
training finished in  22
TRAINING COMPLETE for  20  hid : seed  2
training finished in  12
TRAINING COMPLETE for  20  hid : seed  3
training finished in  27
TRAINING COMPLETE for  20  hid : seed  4
training finished in  16
TRAINING COMPLETE for  25  hid : seed  0
training finished in  29
TRAINING COMPLETE for  25  hid : seed  1
training finished in  29
TRAINING COMPLETE for  25  hid : seed  2
training finished in  26
TRAINING COMPLETE for  25  hid : seed  3
training finished in  25
TRAINING COMPLETE for  25  hid : seed  4
training finished in  26
TRAINING COMPLETE for  30  hid : seed  0
training finished in  43
TRAINING COMPLETE for  30  hid : seed  1
training finished in  36
TRAINING COMPLETE for  30  hid : seed  2
training finished in  21
TRAINING COMPLETE for  30  hid : seed  3
training finished in  20
TRAINING COMPLETE for  30  hid : seed  4
training finished in  40
TRAINING COMPLETE for  35  hid : seed  0
training finished in  32
TRAINING COMPLETE for  35  hid : seed  1
training finished in  44
TRAINING COMPLETE for  35  hid : seed  2
training finished in  32
TRAINING COMPLETE for  35  hid : seed  3
training finished in  31
TRAINING COMPLETE for  35  hid : seed  4
training finished in  37
TRAINING COMPLETE for  40  hid : seed  0
training finished in  38
TRAINING COMPLETE for  40  hid : seed  1
training finished in  40
TRAINING COMPLETE for  40  hid : seed  2
training finished in  46
TRAINING COMPLETE for  40  hid : seed  3
training finished in  30
TRAINING COMPLETE for  40  hid : seed  4
training finished in  55
TRAINING COMPLETE for  45  hid : seed  0
training finished in  41
TRAINING COMPLETE for  45  hid : seed  1
training finished in  33
TRAINING COMPLETE for  45  hid : seed  2
training finished in  39
TRAINING COMPLETE for  45  hid : seed  3
training finished in  45
TRAINING COMPLETE for  45  hid : seed  4
not enough training obs
2020-09-20 18:55:47.001131
pretraining finished in 1983 epochs
training finished in  10
TRAINING COMPLETE for  1  hid : seed  0
training finished in  10
TRAINING COMPLETE for  1  hid : seed  1
training finished in  28
TRAINING COMPLETE for  1  hid : seed  2
training finished in  16
TRAINING COMPLETE for  1  hid : seed  3
training finished in  11
TRAINING COMPLETE for  1  hid : seed  4
training finished in  9
TRAINING COMPLETE for  2  hid : seed  0
training finished in  10
TRAINING COMPLETE for  2  hid : seed  1
training finished in  17
TRAINING COMPLETE for  2  hid : seed  2
training finished in  9
TRAINING COMPLETE for  2  hid : seed  3
training finished in  9
TRAINING COMPLETE for  2  hid : seed  4
training finished in  10
TRAINING COMPLETE for  5  hid : seed  0
training finished in  11
TRAINING COMPLETE for  5  hid : seed  1
training finished in  13
TRAINING COMPLETE for  5  hid : seed  2
training finished in  9
TRAINING COMPLETE for  5  hid : seed  3
training finished in  14
TRAINING COMPLETE for  5  hid : seed  4
training finished in  10
TRAINING COMPLETE for  10  hid : seed  0
training finished in  22
TRAINING COMPLETE for  10  hid : seed  1
training finished in  18
TRAINING COMPLETE for  10  hid : seed  2
training finished in  9
TRAINING COMPLETE for  10  hid : seed  3
training finished in  13
TRAINING COMPLETE for  10  hid : seed  4
training finished in  14
TRAINING COMPLETE for  15  hid : seed  0
training finished in  31
TRAINING COMPLETE for  15  hid : seed  1
training finished in  22
TRAINING COMPLETE for  15  hid : seed  2
training finished in  17
TRAINING COMPLETE for  15  hid : seed  3
training finished in  15
TRAINING COMPLETE for  15  hid : seed  4
training finished in  16
TRAINING COMPLETE for  20  hid : seed  0
training finished in  38
TRAINING COMPLETE for  20  hid : seed  1
training finished in  31
TRAINING COMPLETE for  20  hid : seed  2
training finished in  15
TRAINING COMPLETE for  20  hid : seed  3
training finished in  21
TRAINING COMPLETE for  20  hid : seed  4
training finished in  22
TRAINING COMPLETE for  25  hid : seed  0
training finished in  33
TRAINING COMPLETE for  25  hid : seed  1
training finished in  39
TRAINING COMPLETE for  25  hid : seed  2
training finished in  27
TRAINING COMPLETE for  25  hid : seed  3
training finished in  25
TRAINING COMPLETE for  25  hid : seed  4
training finished in  36
TRAINING COMPLETE for  30  hid : seed  0
training finished in  41
TRAINING COMPLETE for  30  hid : seed  1
training finished in  47
TRAINING COMPLETE for  30  hid : seed  2
training finished in  28
TRAINING COMPLETE for  30  hid : seed  3
training finished in  22
TRAINING COMPLETE for  30  hid : seed  4
training finished in  49
TRAINING COMPLETE for  35  hid : seed  0
training finished in  41
TRAINING COMPLETE for  35  hid : seed  1
training finished in  43
TRAINING COMPLETE for  35  hid : seed  2
training finished in  44
TRAINING COMPLETE for  35  hid : seed  3
training finished in  38
TRAINING COMPLETE for  35  hid : seed  4
training finished in  78
TRAINING COMPLETE for  40  hid : seed  0
training finished in  58
TRAINING COMPLETE for  40  hid : seed  1
training finished in  51
TRAINING COMPLETE for  40  hid : seed  2
training finished in  72
TRAINING COMPLETE for  40  hid : seed  3
training finished in  48
TRAINING COMPLETE for  40  hid : seed  4
training finished in  62
TRAINING COMPLETE for  45  hid : seed  0
training finished in  81
TRAINING COMPLETE for  45  hid : seed  1
training finished in  41
TRAINING COMPLETE for  45  hid : seed  2
training finished in  82
TRAINING COMPLETE for  45  hid : seed  3
training finished in  85
TRAINING COMPLETE for  45  hid : seed  4
not enough training obs
